2025-09-23T14:26:13.166+09:00  INFO 4544 --- [restartedMain] edu.sm.AdminApplication                  : Starting AdminApplication using Java 17.0.12 with PID 4544 (C:\smspringclone_new\admin\build\classes\java\main started by Min in C:\smspringclone_new\admin)
2025-09-23T14:26:13.172+09:00  INFO 4544 --- [restartedMain] edu.sm.AdminApplication                  : The following 1 profile is active: "dev"
2025-09-23T14:26:13.218+09:00  INFO 4544 --- [restartedMain] .e.DevToolsPropertyDefaultsPostProcessor : Devtools property defaults active! Set 'spring.devtools.add-properties' to 'false' to disable
2025-09-23T14:26:13.218+09:00  INFO 4544 --- [restartedMain] .e.DevToolsPropertyDefaultsPostProcessor : For additional web related logging consider setting the 'logging.level.web' property to 'DEBUG'
2025-09-23T14:26:14.000+09:00  INFO 4544 --- [restartedMain] ptablePropertiesBeanFactoryPostProcessor : Post-processing PropertySource instances
2025-09-23T14:26:14.025+09:00  INFO 4544 --- [restartedMain] c.u.j.EncryptablePropertySourceConverter : Converting PropertySource configurationProperties [org.springframework.boot.context.properties.source.ConfigurationPropertySourcesPropertySource] to AOP Proxy
2025-09-23T14:26:14.029+09:00  INFO 4544 --- [restartedMain] c.u.j.EncryptablePropertySourceConverter : Converting PropertySource servletConfigInitParams [org.springframework.core.env.PropertySource$StubPropertySource] to EncryptablePropertySourceWrapper
2025-09-23T14:26:14.029+09:00  INFO 4544 --- [restartedMain] c.u.j.EncryptablePropertySourceConverter : Converting PropertySource servletContextInitParams [org.springframework.core.env.PropertySource$StubPropertySource] to EncryptablePropertySourceWrapper
2025-09-23T14:26:14.029+09:00  INFO 4544 --- [restartedMain] c.u.j.EncryptablePropertySourceConverter : Converting PropertySource systemProperties [org.springframework.core.env.PropertiesPropertySource] to EncryptableMapPropertySourceWrapper
2025-09-23T14:26:14.029+09:00  INFO 4544 --- [restartedMain] c.u.j.EncryptablePropertySourceConverter : Converting PropertySource systemEnvironment [org.springframework.boot.env.SystemEnvironmentPropertySourceEnvironmentPostProcessor$OriginAwareSystemEnvironmentPropertySource] to EncryptableSystemEnvironmentPropertySourceWrapper
2025-09-23T14:26:14.029+09:00  INFO 4544 --- [restartedMain] c.u.j.EncryptablePropertySourceConverter : Converting PropertySource random [org.springframework.boot.env.RandomValuePropertySource] to EncryptablePropertySourceWrapper
2025-09-23T14:26:14.029+09:00  INFO 4544 --- [restartedMain] c.u.j.EncryptablePropertySourceConverter : Converting PropertySource Config resource 'file [.env]' via location 'optional:file:.env[.properties]' [org.springframework.boot.env.OriginTrackedMapPropertySource] to EncryptableMapPropertySourceWrapper
2025-09-23T14:26:14.029+09:00  INFO 4544 --- [restartedMain] c.u.j.EncryptablePropertySourceConverter : Converting PropertySource Config resource 'class path resource [application-dev.yml]' via location 'optional:classpath:/' [org.springframework.boot.env.OriginTrackedMapPropertySource] to EncryptableMapPropertySourceWrapper
2025-09-23T14:26:14.029+09:00  INFO 4544 --- [restartedMain] c.u.j.EncryptablePropertySourceConverter : Converting PropertySource Config resource 'class path resource [application.yml]' via location 'optional:classpath:/' [org.springframework.boot.env.OriginTrackedMapPropertySource] to EncryptableMapPropertySourceWrapper
2025-09-23T14:26:14.029+09:00  INFO 4544 --- [restartedMain] c.u.j.EncryptablePropertySourceConverter : Converting PropertySource devtools [org.springframework.core.env.MapPropertySource] to EncryptableMapPropertySourceWrapper
2025-09-23T14:26:14.029+09:00  INFO 4544 --- [restartedMain] c.u.j.EncryptablePropertySourceConverter : Converting PropertySource applicationInfo [org.springframework.boot.ApplicationInfoPropertySource] to EncryptableMapPropertySourceWrapper
2025-09-23T14:26:14.065+09:00  INFO 4544 --- [restartedMain] c.u.j.filter.DefaultLazyPropertyFilter   : Property Filter custom Bean not found with name 'encryptablePropertyFilter'. Initializing Default Property Filter
2025-09-23T14:26:14.149+09:00  INFO 4544 --- [restartedMain] c.u.j.r.DefaultLazyPropertyResolver      : Property Resolver custom Bean not found with name 'encryptablePropertyResolver'. Initializing Default Property Resolver
2025-09-23T14:26:14.149+09:00  INFO 4544 --- [restartedMain] c.u.j.d.DefaultLazyPropertyDetector      : Property Detector custom Bean not found with name 'encryptablePropertyDetector'. Initializing Default Property Detector
2025-09-23T14:26:14.709+09:00  INFO 4544 --- [restartedMain] o.s.b.w.embedded.tomcat.TomcatWebServer  : Tomcat initialized with port 8088 (http)
2025-09-23T14:26:14.726+09:00  INFO 4544 --- [restartedMain] o.apache.catalina.core.StandardService   : Starting service [Tomcat]
2025-09-23T14:26:14.726+09:00  INFO 4544 --- [restartedMain] o.apache.catalina.core.StandardEngine    : Starting Servlet engine: [Apache Tomcat/10.1.46]
2025-09-23T14:26:14.879+09:00  INFO 4544 --- [restartedMain] org.apache.jasper.servlet.TldScanner     : At least one JAR was scanned for TLDs yet contained no TLDs. Enable debug logging for this logger for a complete list of JARs that were scanned but no TLDs were found in them. Skipping unneeded JARs during scanning can improve startup time and JSP compilation time.
2025-09-23T14:26:14.881+09:00  INFO 4544 --- [restartedMain] o.a.c.c.C.[Tomcat].[localhost].[/]       : Initializing Spring embedded WebApplicationContext
2025-09-23T14:26:14.881+09:00  INFO 4544 --- [restartedMain] w.s.c.ServletWebServerApplicationContext : Root WebApplicationContext: initialization completed in 1662 ms
2025-09-23T14:26:14.943+09:00  INFO 4544 --- [restartedMain] c.u.j.encryptor.DefaultLazyEncryptor     : Found Custom Encryptor Bean org.jasypt.encryption.pbe.PooledPBEStringEncryptor@78186459 with name: jasyptStringEncryptor
2025-09-23T14:26:15.255+09:00  WARN 4544 --- [restartedMain] .s.s.UserDetailsServiceAutoConfiguration : 

Using generated security password: 3a6204b6-da15-4c25-889a-5adc2e7f5d9f

This generated password is for development use only. Your security configuration must be updated before running your application in production.

2025-09-23T14:26:15.273+09:00  INFO 4544 --- [restartedMain] r$InitializeUserDetailsManagerConfigurer : Global AuthenticationManager configured with UserDetailsService bean with name inMemoryUserDetailsManager
2025-09-23T14:26:15.328+09:00  INFO 4544 --- [restartedMain] o.s.b.a.w.s.WelcomePageHandlerMapping    : Adding welcome page template: index
2025-09-23T14:26:15.770+09:00  INFO 4544 --- [restartedMain] o.s.b.d.a.OptionalLiveReloadServer       : LiveReload server is running on port 35729
2025-09-23T14:26:15.788+09:00  INFO 4544 --- [restartedMain] o.s.b.w.embedded.tomcat.TomcatWebServer  : Tomcat started on port 8088 (http) with context path '/'
2025-09-23T14:26:15.806+09:00  INFO 4544 --- [restartedMain] edu.sm.AdminApplication                  : Started AdminApplication in 3.2 seconds (process running for 3.541)
2025-09-23T14:27:05.943+09:00  INFO 4544 --- [http-nio-8088-exec-1] o.a.c.c.C.[Tomcat].[localhost].[/]       : Initializing Spring DispatcherServlet 'dispatcherServlet'
2025-09-23T14:27:05.943+09:00  INFO 4544 --- [http-nio-8088-exec-1] o.s.web.servlet.DispatcherServlet        : Initializing Servlet 'dispatcherServlet'
2025-09-23T14:27:05.944+09:00  INFO 4544 --- [http-nio-8088-exec-1] o.s.web.servlet.DispatcherServlet        : Completed initialization in 1 ms
2025-09-23T14:27:14.080+09:00  INFO 4544 --- [http-nio-8088-exec-7] com.zaxxer.hikari.HikariDataSource       : HikariPool-1 - Starting...
2025-09-23T14:27:14.271+09:00  INFO 4544 --- [http-nio-8088-exec-7] log4jdbc.log4j2                          : 1. Connection opened. {executed in 178ms} 
2025-09-23T14:27:14.273+09:00  INFO 4544 --- [http-nio-8088-exec-7] log4jdbc.log4j2                          : 1. Connection.new Connection returned 
2025-09-23T14:27:14.273+09:00  INFO 4544 --- [http-nio-8088-exec-7] log4jdbc.log4j2                          : 1. Connection.getNetworkTimeout() returned 0
2025-09-23T14:27:14.274+09:00  INFO 4544 --- [http-nio-8088-exec-7] log4jdbc.log4j2                          : 1. Connection.isReadOnly() returned false
2025-09-23T14:27:14.275+09:00  INFO 4544 --- [http-nio-8088-exec-7] log4jdbc.log4j2                          : 1. Connection.getAutoCommit() returned true
2025-09-23T14:27:14.275+09:00  INFO 4544 --- [http-nio-8088-exec-7] log4jdbc.log4j2                          : 1. Connection.isValid(1) returned true
2025-09-23T14:27:14.276+09:00  INFO 4544 --- [http-nio-8088-exec-7] log4jdbc.log4j2                          : 1. Connection.getTransactionIsolation() returned 4
2025-09-23T14:27:14.277+09:00  INFO 4544 --- [http-nio-8088-exec-7] com.zaxxer.hikari.pool.HikariPool        : HikariPool-1 - Added connection net.sf.log4jdbc.sql.jdbcapi.ConnectionSpy@46ac0819
2025-09-23T14:27:14.279+09:00  INFO 4544 --- [http-nio-8088-exec-7] com.zaxxer.hikari.HikariDataSource       : HikariPool-1 - Start completed.
2025-09-23T14:27:14.281+09:00  INFO 4544 --- [http-nio-8088-exec-7] log4jdbc.log4j2                          : 1. Connection.getAutoCommit() returned true
2025-09-23T14:27:14.291+09:00  INFO 4544 --- [http-nio-8088-exec-7] log4jdbc.log4j2                          : 1. PreparedStatement.new PreparedStatement returned 
2025-09-23T14:27:14.291+09:00  INFO 4544 --- [http-nio-8088-exec-7] log4jdbc.log4j2                          : 1. Connection.prepareStatement(SELECT * FROM admin WHERE admin_id=?) returned net.sf.log4jdbc.sql.jdbcapi.PreparedStatementSpy@44d31b7a
2025-09-23T14:27:14.293+09:00  INFO 4544 --- [http-nio-8088-exec-7] log4jdbc.log4j2                          : 1. PreparedStatement.setString(1, "admin") returned 
2025-09-23T14:27:14.301+09:00  INFO 4544 --- [http-nio-8088-exec-7] log4jdbc.log4j2                          : 1. SELECT * FROM admin WHERE admin_id='admin'  {executed in 8 ms}
2025-09-23T14:27:14.302+09:00  INFO 4544 --- [http-nio-8088-exec-7] log4jdbc.log4j2                          : 1. PreparedStatement.execute() returned true
2025-09-23T14:27:14.305+09:00  INFO 4544 --- [http-nio-8088-exec-7] log4jdbc.log4j2                          : 1. ResultSet.new ResultSet returned 
2025-09-23T14:27:14.306+09:00  INFO 4544 --- [http-nio-8088-exec-7] log4jdbc.log4j2                          : 1. PreparedStatement.getResultSet() returned net.sf.log4jdbc.sql.jdbcapi.ResultSetSpy@2e1f8b4f
2025-09-23T14:27:14.309+09:00  INFO 4544 --- [http-nio-8088-exec-7] log4jdbc.log4j2                          : 1. ResultSet.getMetaData() returned com.mysql.cj.jdbc.result.ResultSetMetaData@2a968812 - Field level information: 
	com.mysql.cj.result.Field@303509cd[dbName=shopdb,tableName=admin,originalTableName=admin,columnName=admin_id,originalColumnName=admin_id,mysqlType=253(FIELD_TYPE_VARCHAR),sqlType=12,flags=, charsetIndex=255, charsetName=utf8]
	com.mysql.cj.result.Field@14750ba1[dbName=shopdb,tableName=admin,originalTableName=admin,columnName=admin_pwd,originalColumnName=admin_pwd,mysqlType=253(FIELD_TYPE_VARCHAR),sqlType=12,flags=, charsetIndex=255, charsetName=utf8]
	com.mysql.cj.result.Field@19a65f60[dbName=shopdb,tableName=admin,originalTableName=admin,columnName=admin_role,originalColumnName=admin_role,mysqlType=253(FIELD_TYPE_VARCHAR),sqlType=12,flags=, charsetIndex=255, charsetName=utf8]
2025-09-23T14:27:14.310+09:00  INFO 4544 --- [http-nio-8088-exec-7] log4jdbc.log4j2                          : 1. ResultSet.getType() returned 1003
2025-09-23T14:27:14.310+09:00  INFO 4544 --- [http-nio-8088-exec-7] log4jdbc.log4j2                          : 1. ResultSet.isClosed() returned false
2025-09-23T14:27:14.310+09:00  INFO 4544 --- [http-nio-8088-exec-7] log4jdbc.log4j2                          : 1. ResultSet.next() returned true
2025-09-23T14:27:14.311+09:00  INFO 4544 --- [http-nio-8088-exec-7] log4jdbc.log4j2                          : 1. ResultSet.getString(admin_id) returned admin
2025-09-23T14:27:14.312+09:00  INFO 4544 --- [http-nio-8088-exec-7] log4jdbc.log4j2                          : 1. ResultSet.getString(admin_pwd) returned $2a$10$ips8vNvEM06Kn6QKWBiW3.H1OBtfpifmQxR/cAzA/GFl6awWHyfki
2025-09-23T14:27:14.312+09:00  INFO 4544 --- [http-nio-8088-exec-7] log4jdbc.log4j2                          : 1. ResultSet.getString(admin_role) returned super
2025-09-23T14:27:14.312+09:00  INFO 4544 --- [http-nio-8088-exec-7] log4jdbc.log4j2                          : 1. ResultSet.isClosed() returned false
2025-09-23T14:27:14.313+09:00  INFO 4544 --- [http-nio-8088-exec-7] log4jdbc.log4j2                          : 
|---------|-------------------------------------------------------------|-----------|
|admin_id |admin_pwd                                                    |admin_role |
|---------|-------------------------------------------------------------|-----------|
|admin    |$2a$10$ips8vNvEM06Kn6QKWBiW3.H1OBtfpifmQxR/cAzA/GFl6awWHyfki |super      |
|---------|-------------------------------------------------------------|-----------|

2025-09-23T14:27:14.313+09:00  INFO 4544 --- [http-nio-8088-exec-7] log4jdbc.log4j2                          : 1. ResultSet.next() returned false
2025-09-23T14:27:14.314+09:00  INFO 4544 --- [http-nio-8088-exec-7] log4jdbc.log4j2                          : 1. ResultSet.close() returned void
2025-09-23T14:27:14.314+09:00  INFO 4544 --- [http-nio-8088-exec-7] log4jdbc.log4j2                          : 1. Connection.getMetaData() returned com.mysql.cj.jdbc.DatabaseMetaDataInformationSchema@13a05b73
2025-09-23T14:27:14.316+09:00  INFO 4544 --- [http-nio-8088-exec-7] log4jdbc.log4j2                          : 1. PreparedStatement.getMoreResults() returned false
2025-09-23T14:27:14.317+09:00  INFO 4544 --- [http-nio-8088-exec-7] log4jdbc.log4j2                          : 1. PreparedStatement.getUpdateCount() returned -1
2025-09-23T14:27:14.317+09:00  INFO 4544 --- [http-nio-8088-exec-7] log4jdbc.log4j2                          : 1. PreparedStatement.close() returned 
2025-09-23T14:27:14.322+09:00  INFO 4544 --- [http-nio-8088-exec-7] log4jdbc.log4j2                          : 1. Connection.clearWarnings() returned 
2025-09-23T14:27:14.395+09:00  INFO 4544 --- [HikariPool-1 connection adder] log4jdbc.log4j2                          : 2. Connection opened. {executed in 14ms} 
2025-09-23T14:27:14.395+09:00  INFO 4544 --- [HikariPool-1 connection adder] log4jdbc.log4j2                          : 2. Connection.new Connection returned 
2025-09-23T14:27:14.396+09:00  INFO 4544 --- [HikariPool-1 connection adder] log4jdbc.log4j2                          : 2. Connection.isReadOnly() returned false
2025-09-23T14:27:14.397+09:00  INFO 4544 --- [HikariPool-1 connection adder] log4jdbc.log4j2                          : 2. Connection.getAutoCommit() returned true
2025-09-23T14:27:14.443+09:00  INFO 4544 --- [HikariPool-1 connection adder] log4jdbc.log4j2                          : 3. Connection opened. {executed in 15ms} 
2025-09-23T14:27:14.443+09:00  INFO 4544 --- [HikariPool-1 connection adder] log4jdbc.log4j2                          : 3. Connection.new Connection returned 
2025-09-23T14:27:14.443+09:00  INFO 4544 --- [HikariPool-1 connection adder] log4jdbc.log4j2                          : 3. Connection.isReadOnly() returned false
2025-09-23T14:27:14.443+09:00  INFO 4544 --- [HikariPool-1 connection adder] log4jdbc.log4j2                          : 3. Connection.getAutoCommit() returned true
2025-09-23T14:27:14.497+09:00  INFO 4544 --- [HikariPool-1 connection adder] log4jdbc.log4j2                          : 4. Connection opened. {executed in 15ms} 
2025-09-23T14:27:14.497+09:00  INFO 4544 --- [HikariPool-1 connection adder] log4jdbc.log4j2                          : 4. Connection.new Connection returned 
2025-09-23T14:27:14.498+09:00  INFO 4544 --- [HikariPool-1 connection adder] log4jdbc.log4j2                          : 4. Connection.isReadOnly() returned false
2025-09-23T14:27:14.498+09:00  INFO 4544 --- [HikariPool-1 connection adder] log4jdbc.log4j2                          : 4. Connection.getAutoCommit() returned true
2025-09-23T14:27:14.542+09:00  INFO 4544 --- [HikariPool-1 connection adder] log4jdbc.log4j2                          : 5. Connection opened. {executed in 12ms} 
2025-09-23T14:27:14.542+09:00  INFO 4544 --- [HikariPool-1 connection adder] log4jdbc.log4j2                          : 5. Connection.new Connection returned 
2025-09-23T14:27:14.543+09:00  INFO 4544 --- [HikariPool-1 connection adder] log4jdbc.log4j2                          : 5. Connection.isReadOnly() returned false
2025-09-23T14:27:14.543+09:00  INFO 4544 --- [HikariPool-1 connection adder] log4jdbc.log4j2                          : 5. Connection.getAutoCommit() returned true
2025-09-23T14:27:14.593+09:00  INFO 4544 --- [HikariPool-1 connection adder] log4jdbc.log4j2                          : 6. Connection opened. {executed in 12ms} 
2025-09-23T14:27:14.594+09:00  INFO 4544 --- [HikariPool-1 connection adder] log4jdbc.log4j2                          : 6. Connection.new Connection returned 
2025-09-23T14:27:14.594+09:00  INFO 4544 --- [HikariPool-1 connection adder] log4jdbc.log4j2                          : 6. Connection.isReadOnly() returned false
2025-09-23T14:27:14.594+09:00  INFO 4544 --- [HikariPool-1 connection adder] log4jdbc.log4j2                          : 6. Connection.getAutoCommit() returned true
2025-09-23T14:27:14.639+09:00  INFO 4544 --- [HikariPool-1 connection adder] log4jdbc.log4j2                          : 7. Connection opened. {executed in 8ms} 
2025-09-23T14:27:14.639+09:00  INFO 4544 --- [HikariPool-1 connection adder] log4jdbc.log4j2                          : 7. Connection.new Connection returned 
2025-09-23T14:27:14.639+09:00  INFO 4544 --- [HikariPool-1 connection adder] log4jdbc.log4j2                          : 7. Connection.isReadOnly() returned false
2025-09-23T14:27:14.639+09:00  INFO 4544 --- [HikariPool-1 connection adder] log4jdbc.log4j2                          : 7. Connection.getAutoCommit() returned true
2025-09-23T14:27:14.685+09:00  INFO 4544 --- [HikariPool-1 connection adder] log4jdbc.log4j2                          : 8. Connection opened. {executed in 12ms} 
2025-09-23T14:27:14.686+09:00  INFO 4544 --- [HikariPool-1 connection adder] log4jdbc.log4j2                          : 8. Connection.new Connection returned 
2025-09-23T14:27:14.687+09:00  INFO 4544 --- [HikariPool-1 connection adder] log4jdbc.log4j2                          : 8. Connection.isReadOnly() returned false
2025-09-23T14:27:14.687+09:00  INFO 4544 --- [HikariPool-1 connection adder] log4jdbc.log4j2                          : 8. Connection.getAutoCommit() returned true
2025-09-23T14:27:14.723+09:00  INFO 4544 --- [HikariPool-1 connection adder] log4jdbc.log4j2                          : 9. Connection opened. {executed in 1ms} 
2025-09-23T14:27:14.732+09:00  INFO 4544 --- [HikariPool-1 connection adder] log4jdbc.log4j2                          : 9. Connection.new Connection returned 
2025-09-23T14:27:14.732+09:00  INFO 4544 --- [HikariPool-1 connection adder] log4jdbc.log4j2                          : 9. Connection.isReadOnly() returned false
2025-09-23T14:27:14.732+09:00  INFO 4544 --- [HikariPool-1 connection adder] log4jdbc.log4j2                          : 9. Connection.getAutoCommit() returned true
2025-09-23T14:27:14.772+09:00  INFO 4544 --- [HikariPool-1 connection adder] log4jdbc.log4j2                          : 10. Connection opened. {executed in 8ms} 
2025-09-23T14:27:14.772+09:00  INFO 4544 --- [HikariPool-1 connection adder] log4jdbc.log4j2                          : 10. Connection.new Connection returned 
2025-09-23T14:27:14.772+09:00  INFO 4544 --- [HikariPool-1 connection adder] log4jdbc.log4j2                          : 10. Connection.isReadOnly() returned false
2025-09-23T14:27:14.772+09:00  INFO 4544 --- [HikariPool-1 connection adder] log4jdbc.log4j2                          : 10. Connection.getAutoCommit() returned true
2025-09-23T14:28:24.950+09:00  INFO 5992 --- [restartedMain] edu.sm.AdminApplication                  : Starting AdminApplication using Java 17.0.12 with PID 5992 (C:\smspringclone_new\admin\build\classes\java\main started by Min in C:\smspringclone_new\admin)
2025-09-23T14:28:24.962+09:00  INFO 5992 --- [restartedMain] edu.sm.AdminApplication                  : The following 1 profile is active: "dev"
2025-09-23T14:28:24.992+09:00  INFO 5992 --- [restartedMain] .e.DevToolsPropertyDefaultsPostProcessor : Devtools property defaults active! Set 'spring.devtools.add-properties' to 'false' to disable
2025-09-23T14:28:24.992+09:00  INFO 5992 --- [restartedMain] .e.DevToolsPropertyDefaultsPostProcessor : For additional web related logging consider setting the 'logging.level.web' property to 'DEBUG'
2025-09-23T14:28:25.595+09:00  INFO 5992 --- [restartedMain] ptablePropertiesBeanFactoryPostProcessor : Post-processing PropertySource instances
2025-09-23T14:28:25.605+09:00  INFO 5992 --- [restartedMain] c.u.j.EncryptablePropertySourceConverter : Converting PropertySource configurationProperties [org.springframework.boot.context.properties.source.ConfigurationPropertySourcesPropertySource] to AOP Proxy
2025-09-23T14:28:25.605+09:00  INFO 5992 --- [restartedMain] c.u.j.EncryptablePropertySourceConverter : Converting PropertySource servletConfigInitParams [org.springframework.core.env.PropertySource$StubPropertySource] to EncryptablePropertySourceWrapper
2025-09-23T14:28:25.605+09:00  INFO 5992 --- [restartedMain] c.u.j.EncryptablePropertySourceConverter : Converting PropertySource servletContextInitParams [org.springframework.core.env.PropertySource$StubPropertySource] to EncryptablePropertySourceWrapper
2025-09-23T14:28:25.605+09:00  INFO 5992 --- [restartedMain] c.u.j.EncryptablePropertySourceConverter : Converting PropertySource systemProperties [org.springframework.core.env.PropertiesPropertySource] to EncryptableMapPropertySourceWrapper
2025-09-23T14:28:25.605+09:00  INFO 5992 --- [restartedMain] c.u.j.EncryptablePropertySourceConverter : Converting PropertySource systemEnvironment [org.springframework.boot.env.SystemEnvironmentPropertySourceEnvironmentPostProcessor$OriginAwareSystemEnvironmentPropertySource] to EncryptableSystemEnvironmentPropertySourceWrapper
2025-09-23T14:28:25.605+09:00  INFO 5992 --- [restartedMain] c.u.j.EncryptablePropertySourceConverter : Converting PropertySource random [org.springframework.boot.env.RandomValuePropertySource] to EncryptablePropertySourceWrapper
2025-09-23T14:28:25.605+09:00  INFO 5992 --- [restartedMain] c.u.j.EncryptablePropertySourceConverter : Converting PropertySource Config resource 'file [.env]' via location 'optional:file:.env[.properties]' [org.springframework.boot.env.OriginTrackedMapPropertySource] to EncryptableMapPropertySourceWrapper
2025-09-23T14:28:25.605+09:00  INFO 5992 --- [restartedMain] c.u.j.EncryptablePropertySourceConverter : Converting PropertySource Config resource 'class path resource [application-dev.yml]' via location 'optional:classpath:/' [org.springframework.boot.env.OriginTrackedMapPropertySource] to EncryptableMapPropertySourceWrapper
2025-09-23T14:28:25.605+09:00  INFO 5992 --- [restartedMain] c.u.j.EncryptablePropertySourceConverter : Converting PropertySource Config resource 'class path resource [application.yml]' via location 'optional:classpath:/' [org.springframework.boot.env.OriginTrackedMapPropertySource] to EncryptableMapPropertySourceWrapper
2025-09-23T14:28:25.605+09:00  INFO 5992 --- [restartedMain] c.u.j.EncryptablePropertySourceConverter : Converting PropertySource devtools [org.springframework.core.env.MapPropertySource] to EncryptableMapPropertySourceWrapper
2025-09-23T14:28:25.605+09:00  INFO 5992 --- [restartedMain] c.u.j.EncryptablePropertySourceConverter : Converting PropertySource applicationInfo [org.springframework.boot.ApplicationInfoPropertySource] to EncryptableMapPropertySourceWrapper
2025-09-23T14:28:25.634+09:00  INFO 5992 --- [restartedMain] c.u.j.filter.DefaultLazyPropertyFilter   : Property Filter custom Bean not found with name 'encryptablePropertyFilter'. Initializing Default Property Filter
2025-09-23T14:28:25.683+09:00  INFO 5992 --- [restartedMain] c.u.j.r.DefaultLazyPropertyResolver      : Property Resolver custom Bean not found with name 'encryptablePropertyResolver'. Initializing Default Property Resolver
2025-09-23T14:28:25.683+09:00  INFO 5992 --- [restartedMain] c.u.j.d.DefaultLazyPropertyDetector      : Property Detector custom Bean not found with name 'encryptablePropertyDetector'. Initializing Default Property Detector
2025-09-23T14:28:25.936+09:00  INFO 5992 --- [restartedMain] o.s.b.w.embedded.tomcat.TomcatWebServer  : Tomcat initialized with port 8088 (http)
2025-09-23T14:28:25.952+09:00  INFO 5992 --- [restartedMain] o.apache.catalina.core.StandardService   : Starting service [Tomcat]
2025-09-23T14:28:25.957+09:00  INFO 5992 --- [restartedMain] o.apache.catalina.core.StandardEngine    : Starting Servlet engine: [Apache Tomcat/10.1.46]
2025-09-23T14:28:26.066+09:00  INFO 5992 --- [restartedMain] org.apache.jasper.servlet.TldScanner     : At least one JAR was scanned for TLDs yet contained no TLDs. Enable debug logging for this logger for a complete list of JARs that were scanned but no TLDs were found in them. Skipping unneeded JARs during scanning can improve startup time and JSP compilation time.
2025-09-23T14:28:26.077+09:00  INFO 5992 --- [restartedMain] o.a.c.c.C.[Tomcat].[localhost].[/]       : Initializing Spring embedded WebApplicationContext
2025-09-23T14:28:26.077+09:00  INFO 5992 --- [restartedMain] w.s.c.ServletWebServerApplicationContext : Root WebApplicationContext: initialization completed in 1085 ms
2025-09-23T14:28:26.123+09:00  INFO 5992 --- [restartedMain] c.u.j.encryptor.DefaultLazyEncryptor     : Found Custom Encryptor Bean org.jasypt.encryption.pbe.PooledPBEStringEncryptor@4b1ef0ba with name: jasyptStringEncryptor
2025-09-23T14:28:26.387+09:00  WARN 5992 --- [restartedMain] .s.s.UserDetailsServiceAutoConfiguration : 

Using generated security password: 16bf410c-d797-4147-9ada-31daa0e17178

This generated password is for development use only. Your security configuration must be updated before running your application in production.

2025-09-23T14:28:26.387+09:00  INFO 5992 --- [restartedMain] r$InitializeUserDetailsManagerConfigurer : Global AuthenticationManager configured with UserDetailsService bean with name inMemoryUserDetailsManager
2025-09-23T14:28:26.433+09:00  INFO 5992 --- [restartedMain] o.s.b.a.w.s.WelcomePageHandlerMapping    : Adding welcome page template: index
2025-09-23T14:28:26.826+09:00  INFO 5992 --- [restartedMain] o.s.b.d.a.OptionalLiveReloadServer       : LiveReload server is running on port 35729
2025-09-23T14:28:26.855+09:00  INFO 5992 --- [restartedMain] o.s.b.w.embedded.tomcat.TomcatWebServer  : Tomcat started on port 8088 (http) with context path '/'
2025-09-23T14:28:26.855+09:00  INFO 5992 --- [restartedMain] edu.sm.AdminApplication                  : Started AdminApplication in 2.274 seconds (process running for 2.558)
2025-09-23T14:28:35.556+09:00  INFO 5992 --- [http-nio-8088-exec-1] o.a.c.c.C.[Tomcat].[localhost].[/]       : Initializing Spring DispatcherServlet 'dispatcherServlet'
2025-09-23T14:28:35.556+09:00  INFO 5992 --- [http-nio-8088-exec-1] o.s.web.servlet.DispatcherServlet        : Initializing Servlet 'dispatcherServlet'
2025-09-23T14:28:35.556+09:00  INFO 5992 --- [http-nio-8088-exec-1] o.s.web.servlet.DispatcherServlet        : Completed initialization in 0 ms
2025-09-23T14:28:44.222+09:00  INFO 5992 --- [http-nio-8088-exec-1] com.zaxxer.hikari.HikariDataSource       : HikariPool-1 - Starting...
2025-09-23T14:28:44.405+09:00  INFO 5992 --- [http-nio-8088-exec-1] log4jdbc.log4j2                          : 1. Connection opened. {executed in 173ms} 
2025-09-23T14:28:44.406+09:00  INFO 5992 --- [http-nio-8088-exec-1] log4jdbc.log4j2                          : 1. Connection.new Connection returned 
2025-09-23T14:28:44.406+09:00  INFO 5992 --- [http-nio-8088-exec-1] log4jdbc.log4j2                          : 1. Connection.getNetworkTimeout() returned 0
2025-09-23T14:28:44.407+09:00  INFO 5992 --- [http-nio-8088-exec-1] log4jdbc.log4j2                          : 1. Connection.isReadOnly() returned false
2025-09-23T14:28:44.407+09:00  INFO 5992 --- [http-nio-8088-exec-1] log4jdbc.log4j2                          : 1. Connection.getAutoCommit() returned true
2025-09-23T14:28:44.408+09:00  INFO 5992 --- [http-nio-8088-exec-1] log4jdbc.log4j2                          : 1. Connection.isValid(1) returned true
2025-09-23T14:28:44.409+09:00  INFO 5992 --- [http-nio-8088-exec-1] log4jdbc.log4j2                          : 1. Connection.getTransactionIsolation() returned 4
2025-09-23T14:28:44.409+09:00  INFO 5992 --- [http-nio-8088-exec-1] com.zaxxer.hikari.pool.HikariPool        : HikariPool-1 - Added connection net.sf.log4jdbc.sql.jdbcapi.ConnectionSpy@1c312285
2025-09-23T14:28:44.411+09:00  INFO 5992 --- [http-nio-8088-exec-1] com.zaxxer.hikari.HikariDataSource       : HikariPool-1 - Start completed.
2025-09-23T14:28:44.413+09:00  INFO 5992 --- [http-nio-8088-exec-1] log4jdbc.log4j2                          : 1. Connection.getAutoCommit() returned true
2025-09-23T14:28:44.422+09:00  INFO 5992 --- [http-nio-8088-exec-1] log4jdbc.log4j2                          : 1. PreparedStatement.new PreparedStatement returned 
2025-09-23T14:28:44.422+09:00  INFO 5992 --- [http-nio-8088-exec-1] log4jdbc.log4j2                          : 1. Connection.prepareStatement(SELECT * FROM admin WHERE admin_id=?) returned net.sf.log4jdbc.sql.jdbcapi.PreparedStatementSpy@3218e128
2025-09-23T14:28:44.424+09:00  INFO 5992 --- [http-nio-8088-exec-1] log4jdbc.log4j2                          : 1. PreparedStatement.setString(1, "admin") returned 
2025-09-23T14:28:44.430+09:00  INFO 5992 --- [http-nio-8088-exec-1] log4jdbc.log4j2                          : 1. SELECT * FROM admin WHERE admin_id='admin'  {executed in 5 ms}
2025-09-23T14:28:44.431+09:00  INFO 5992 --- [http-nio-8088-exec-1] log4jdbc.log4j2                          : 1. PreparedStatement.execute() returned true
2025-09-23T14:28:44.431+09:00  INFO 5992 --- [http-nio-8088-exec-1] log4jdbc.log4j2                          : 1. ResultSet.new ResultSet returned 
2025-09-23T14:28:44.431+09:00  INFO 5992 --- [http-nio-8088-exec-1] log4jdbc.log4j2                          : 1. PreparedStatement.getResultSet() returned net.sf.log4jdbc.sql.jdbcapi.ResultSetSpy@7e802ca4
2025-09-23T14:28:44.431+09:00  INFO 5992 --- [http-nio-8088-exec-1] log4jdbc.log4j2                          : 1. ResultSet.getMetaData() returned com.mysql.cj.jdbc.result.ResultSetMetaData@5edc40c0 - Field level information: 
	com.mysql.cj.result.Field@51016c26[dbName=shopdb,tableName=admin,originalTableName=admin,columnName=admin_id,originalColumnName=admin_id,mysqlType=253(FIELD_TYPE_VARCHAR),sqlType=12,flags=, charsetIndex=255, charsetName=utf8]
	com.mysql.cj.result.Field@fd2ec3e[dbName=shopdb,tableName=admin,originalTableName=admin,columnName=admin_pwd,originalColumnName=admin_pwd,mysqlType=253(FIELD_TYPE_VARCHAR),sqlType=12,flags=, charsetIndex=255, charsetName=utf8]
	com.mysql.cj.result.Field@5218bbe8[dbName=shopdb,tableName=admin,originalTableName=admin,columnName=admin_role,originalColumnName=admin_role,mysqlType=253(FIELD_TYPE_VARCHAR),sqlType=12,flags=, charsetIndex=255, charsetName=utf8]
2025-09-23T14:28:44.431+09:00  INFO 5992 --- [http-nio-8088-exec-1] log4jdbc.log4j2                          : 1. ResultSet.getType() returned 1003
2025-09-23T14:28:44.431+09:00  INFO 5992 --- [http-nio-8088-exec-1] log4jdbc.log4j2                          : 1. ResultSet.isClosed() returned false
2025-09-23T14:28:44.431+09:00  INFO 5992 --- [http-nio-8088-exec-1] log4jdbc.log4j2                          : 1. ResultSet.next() returned true
2025-09-23T14:28:44.438+09:00  INFO 5992 --- [http-nio-8088-exec-1] log4jdbc.log4j2                          : 1. ResultSet.getString(admin_id) returned admin
2025-09-23T14:28:44.438+09:00  INFO 5992 --- [http-nio-8088-exec-1] log4jdbc.log4j2                          : 1. ResultSet.getString(admin_pwd) returned $2a$10$ips8vNvEM06Kn6QKWBiW3.H1OBtfpifmQxR/cAzA/GFl6awWHyfki
2025-09-23T14:28:44.438+09:00  INFO 5992 --- [http-nio-8088-exec-1] log4jdbc.log4j2                          : 1. ResultSet.getString(admin_role) returned super
2025-09-23T14:28:44.438+09:00  INFO 5992 --- [http-nio-8088-exec-1] log4jdbc.log4j2                          : 1. ResultSet.isClosed() returned false
2025-09-23T14:28:44.438+09:00  INFO 5992 --- [http-nio-8088-exec-1] log4jdbc.log4j2                          : 
|---------|-------------------------------------------------------------|-----------|
|admin_id |admin_pwd                                                    |admin_role |
|---------|-------------------------------------------------------------|-----------|
|admin    |$2a$10$ips8vNvEM06Kn6QKWBiW3.H1OBtfpifmQxR/cAzA/GFl6awWHyfki |super      |
|---------|-------------------------------------------------------------|-----------|

2025-09-23T14:28:44.438+09:00  INFO 5992 --- [http-nio-8088-exec-1] log4jdbc.log4j2                          : 1. ResultSet.next() returned false
2025-09-23T14:28:44.438+09:00  INFO 5992 --- [http-nio-8088-exec-1] log4jdbc.log4j2                          : 1. ResultSet.close() returned void
2025-09-23T14:28:44.438+09:00  INFO 5992 --- [http-nio-8088-exec-1] log4jdbc.log4j2                          : 1. Connection.getMetaData() returned com.mysql.cj.jdbc.DatabaseMetaDataInformationSchema@547f869f
2025-09-23T14:28:44.438+09:00  INFO 5992 --- [http-nio-8088-exec-1] log4jdbc.log4j2                          : 1. PreparedStatement.getMoreResults() returned false
2025-09-23T14:28:44.444+09:00  INFO 5992 --- [http-nio-8088-exec-1] log4jdbc.log4j2                          : 1. PreparedStatement.getUpdateCount() returned -1
2025-09-23T14:28:44.444+09:00  INFO 5992 --- [http-nio-8088-exec-1] log4jdbc.log4j2                          : 1. PreparedStatement.close() returned 
2025-09-23T14:28:44.448+09:00  INFO 5992 --- [http-nio-8088-exec-1] log4jdbc.log4j2                          : 1. Connection.clearWarnings() returned 
2025-09-23T14:28:44.526+09:00  INFO 5992 --- [HikariPool-1 connection adder] log4jdbc.log4j2                          : 2. Connection opened. {executed in 13ms} 
2025-09-23T14:28:44.526+09:00  INFO 5992 --- [HikariPool-1 connection adder] log4jdbc.log4j2                          : 2. Connection.new Connection returned 
2025-09-23T14:28:44.527+09:00  INFO 5992 --- [HikariPool-1 connection adder] log4jdbc.log4j2                          : 2. Connection.isReadOnly() returned false
2025-09-23T14:28:44.527+09:00  INFO 5992 --- [HikariPool-1 connection adder] log4jdbc.log4j2                          : 2. Connection.getAutoCommit() returned true
2025-09-23T14:28:44.573+09:00  INFO 5992 --- [HikariPool-1 connection adder] log4jdbc.log4j2                          : 3. Connection opened. {executed in 11ms} 
2025-09-23T14:28:44.573+09:00  INFO 5992 --- [HikariPool-1 connection adder] log4jdbc.log4j2                          : 3. Connection.new Connection returned 
2025-09-23T14:28:44.573+09:00  INFO 5992 --- [HikariPool-1 connection adder] log4jdbc.log4j2                          : 3. Connection.isReadOnly() returned false
2025-09-23T14:28:44.573+09:00  INFO 5992 --- [HikariPool-1 connection adder] log4jdbc.log4j2                          : 3. Connection.getAutoCommit() returned true
2025-09-23T14:28:44.620+09:00  INFO 5992 --- [HikariPool-1 connection adder] log4jdbc.log4j2                          : 4. Connection opened. {executed in 12ms} 
2025-09-23T14:28:44.621+09:00  INFO 5992 --- [HikariPool-1 connection adder] log4jdbc.log4j2                          : 4. Connection.new Connection returned 
2025-09-23T14:28:44.622+09:00  INFO 5992 --- [HikariPool-1 connection adder] log4jdbc.log4j2                          : 4. Connection.isReadOnly() returned false
2025-09-23T14:28:44.622+09:00  INFO 5992 --- [HikariPool-1 connection adder] log4jdbc.log4j2                          : 4. Connection.getAutoCommit() returned true
2025-09-23T14:28:44.654+09:00  INFO 5992 --- [HikariPool-1 connection adder] log4jdbc.log4j2                          : 5. Connection opened. {executed in 0ms} 
2025-09-23T14:28:44.654+09:00  INFO 5992 --- [HikariPool-1 connection adder] log4jdbc.log4j2                          : 5. Connection.new Connection returned 
2025-09-23T14:28:44.654+09:00  INFO 5992 --- [HikariPool-1 connection adder] log4jdbc.log4j2                          : 5. Connection.isReadOnly() returned false
2025-09-23T14:28:44.654+09:00  INFO 5992 --- [HikariPool-1 connection adder] log4jdbc.log4j2                          : 5. Connection.getAutoCommit() returned true
2025-09-23T14:28:44.705+09:00  INFO 5992 --- [HikariPool-1 connection adder] log4jdbc.log4j2                          : 6. Connection opened. {executed in 11ms} 
2025-09-23T14:28:44.705+09:00  INFO 5992 --- [HikariPool-1 connection adder] log4jdbc.log4j2                          : 6. Connection.new Connection returned 
2025-09-23T14:28:44.705+09:00  INFO 5992 --- [HikariPool-1 connection adder] log4jdbc.log4j2                          : 6. Connection.isReadOnly() returned false
2025-09-23T14:28:44.705+09:00  INFO 5992 --- [HikariPool-1 connection adder] log4jdbc.log4j2                          : 6. Connection.getAutoCommit() returned true
2025-09-23T14:28:44.749+09:00  INFO 5992 --- [HikariPool-1 connection adder] log4jdbc.log4j2                          : 7. Connection opened. {executed in 12ms} 
2025-09-23T14:28:44.751+09:00  INFO 5992 --- [HikariPool-1 connection adder] log4jdbc.log4j2                          : 7. Connection.new Connection returned 
2025-09-23T14:28:44.751+09:00  INFO 5992 --- [HikariPool-1 connection adder] log4jdbc.log4j2                          : 7. Connection.isReadOnly() returned false
2025-09-23T14:28:44.751+09:00  INFO 5992 --- [HikariPool-1 connection adder] log4jdbc.log4j2                          : 7. Connection.getAutoCommit() returned true
2025-09-23T14:28:44.802+09:00  INFO 5992 --- [HikariPool-1 connection adder] log4jdbc.log4j2                          : 8. Connection opened. {executed in 13ms} 
2025-09-23T14:28:44.802+09:00  INFO 5992 --- [HikariPool-1 connection adder] log4jdbc.log4j2                          : 8. Connection.new Connection returned 
2025-09-23T14:28:44.803+09:00  INFO 5992 --- [HikariPool-1 connection adder] log4jdbc.log4j2                          : 8. Connection.isReadOnly() returned false
2025-09-23T14:28:44.803+09:00  INFO 5992 --- [HikariPool-1 connection adder] log4jdbc.log4j2                          : 8. Connection.getAutoCommit() returned true
2025-09-23T14:28:44.847+09:00  INFO 5992 --- [HikariPool-1 connection adder] log4jdbc.log4j2                          : 9. Connection opened. {executed in 9ms} 
2025-09-23T14:28:44.847+09:00  INFO 5992 --- [HikariPool-1 connection adder] log4jdbc.log4j2                          : 9. Connection.new Connection returned 
2025-09-23T14:28:44.847+09:00  INFO 5992 --- [HikariPool-1 connection adder] log4jdbc.log4j2                          : 9. Connection.isReadOnly() returned false
2025-09-23T14:28:44.847+09:00  INFO 5992 --- [HikariPool-1 connection adder] log4jdbc.log4j2                          : 9. Connection.getAutoCommit() returned true
2025-09-23T14:28:44.888+09:00  INFO 5992 --- [HikariPool-1 connection adder] log4jdbc.log4j2                          : 10. Connection opened. {executed in 8ms} 
2025-09-23T14:28:44.888+09:00  INFO 5992 --- [HikariPool-1 connection adder] log4jdbc.log4j2                          : 10. Connection.new Connection returned 
2025-09-23T14:28:44.888+09:00  INFO 5992 --- [HikariPool-1 connection adder] log4jdbc.log4j2                          : 10. Connection.isReadOnly() returned false
2025-09-23T14:28:44.888+09:00  INFO 5992 --- [HikariPool-1 connection adder] log4jdbc.log4j2                          : 10. Connection.getAutoCommit() returned true
