[2025-10-14 09:14:52:2376][restartedMain] DEBUG o.s.w.s.s.s.WebSocketHandlerMapping - Patterns [/chat/**, /adminchat/**] in 'stompWebSocketHandlerMapping'
[2025-10-14 09:14:52:2387][restartedMain] DEBUG o.s.w.s.s.s.WebSocketHandlerMapping - Patterns [/signal] in 'webSocketHandlerMapping'
[2025-10-14 09:14:52:2448][restartedMain] DEBUG o.s.w.s.m.m.a.RequestMappingHandlerMapping - 67 mappings in 'requestMappingHandlerMapping'
[2025-10-14 09:14:52:2683][restartedMain] DEBUG o.s.w.s.h.SimpleUrlHandlerMapping - Patterns [/webjars/**, /**, /imgs/**, /logs/**] in 'resourceHandlerMapping'
[2025-10-14 09:14:52:2765][restartedMain] DEBUG o.s.w.s.m.WebSocketAnnotationMethodMessageHandler - 
	e.s.c.AdminMsgController:
	{[MESSAGE],[/adminreceiveto]}: adminreceiveto(Msg,SimpMessageHeaderAccessor)
[2025-10-14 09:14:52:2766][restartedMain] DEBUG o.s.w.s.m.WebSocketAnnotationMethodMessageHandler - 
	e.s.c.ChartController:
	
[2025-10-14 09:14:52:2766][restartedMain] DEBUG o.s.w.s.m.WebSocketAnnotationMethodMessageHandler - 
	e.s.c.ChartRestController:
	
[2025-10-14 09:14:52:2766][restartedMain] DEBUG o.s.w.s.m.WebSocketAnnotationMethodMessageHandler - 
	e.s.c.ChatController:
	
[2025-10-14 09:14:52:2766][restartedMain] DEBUG o.s.w.s.m.WebSocketAnnotationMethodMessageHandler - 
	e.s.c.ChatRestController:
	
[2025-10-14 09:14:52:2766][restartedMain] DEBUG o.s.w.s.m.WebSocketAnnotationMethodMessageHandler - 
	e.s.c.CustController:
	
[2025-10-14 09:14:52:2767][restartedMain] DEBUG o.s.w.s.m.WebSocketAnnotationMethodMessageHandler - 
	e.s.c.LoginController:
	
[2025-10-14 09:14:52:2767][restartedMain] DEBUG o.s.w.s.m.WebSocketAnnotationMethodMessageHandler - 
	e.s.c.MainController:
	
[2025-10-14 09:14:52:2767][restartedMain] DEBUG o.s.w.s.m.WebSocketAnnotationMethodMessageHandler - 
	e.s.c.MainRestController:
	
[2025-10-14 09:14:52:2767][restartedMain] DEBUG o.s.w.s.m.WebSocketAnnotationMethodMessageHandler - 
	e.s.c.MapRestController:
	
[2025-10-14 09:14:52:2767][restartedMain] DEBUG o.s.w.s.m.WebSocketAnnotationMethodMessageHandler - 
	e.s.c.MarketController:
	
[2025-10-14 09:14:52:2767][restartedMain] DEBUG o.s.w.s.m.WebSocketAnnotationMethodMessageHandler - 
	e.s.c.MsgController:
	{[MESSAGE],[/receiveto]}: receiveto(Msg,SimpMessageHeaderAccessor)
	{[MESSAGE],[/receiveme]}: receiveme(Msg,SimpMessageHeaderAccessor)
	{[MESSAGE],[/receiveall]}: receiveall(Msg,SimpMessageHeaderAccessor)
[2025-10-14 09:14:52:2767][restartedMain] DEBUG o.s.w.s.m.WebSocketAnnotationMethodMessageHandler - 
	e.s.c.ProductController:
	
[2025-10-14 09:14:52:2767][restartedMain] DEBUG o.s.w.s.m.WebSocketAnnotationMethodMessageHandler - 
	e.s.c.WishlistRestController:
	
[2025-10-14 09:14:52:2771][restartedMain] DEBUG o.s.w.s.m.WebSocketAnnotationMethodMessageHandler - 
	o.s.b.a.w.s.e.BasicErrorController:
	
[2025-10-14 09:14:52:2815][restartedMain] DEBUG o.s.w.s.m.m.a.RequestMappingHandlerAdapter - ControllerAdvice beans: 0 @ModelAttribute, 0 @InitBinder, 1 RequestBodyAdvice, 1 ResponseBodyAdvice
[2025-10-14 09:14:52:2863][restartedMain] DEBUG o.s.w.s.m.m.a.ExceptionHandlerExceptionResolver - ControllerAdvice beans: 0 @ExceptionHandler, 1 ResponseBodyAdvice
[2025-10-14 09:14:52:2973][restartedMain] DEBUG o.springframework.web.SimpLogging - clientOutboundChannel added SubProtocolWebSocketHandler[StompSubProtocolHandler[v10.stomp, v11.stomp, v12.stomp]]
[2025-10-14 09:14:52:2974][restartedMain] DEBUG o.springframework.web.SimpLogging - clientInboundChannel added WebSocketAnnotationMethodMessageHandler[prefixes=[]]
[2025-10-14 09:14:52:2974][restartedMain] DEBUG o.springframework.web.SimpLogging - clientInboundChannel added SimpleBrokerMessageHandler [org.springframework.messaging.simp.broker.DefaultSubscriptionRegistry@29cf5e67]
[2025-10-14 09:14:52:2974][restartedMain] DEBUG o.springframework.web.SimpLogging - brokerChannel added SimpleBrokerMessageHandler [org.springframework.messaging.simp.broker.DefaultSubscriptionRegistry@29cf5e67]
[2025-10-14 09:14:52:2975][restartedMain] DEBUG o.springframework.web.SimpLogging - clientInboundChannel added UserDestinationMessageHandler[DefaultUserDestinationResolver[prefix=/user/]]
[2025-10-14 09:14:52:2975][restartedMain] DEBUG o.springframework.web.SimpLogging - brokerChannel added UserDestinationMessageHandler[DefaultUserDestinationResolver[prefix=/user/]]
[2025-10-14 09:15:37:47725][https-jsse-nio-8443-exec-4] INFO  o.s.web.servlet.DispatcherServlet - Initializing Servlet 'dispatcherServlet'
[2025-10-14 09:15:37:47725][https-jsse-nio-8443-exec-4] DEBUG o.s.web.servlet.DispatcherServlet - Detected StandardServletMultipartResolver
[2025-10-14 09:15:37:47725][https-jsse-nio-8443-exec-4] DEBUG o.s.web.servlet.DispatcherServlet - Detected AcceptHeaderLocaleResolver
[2025-10-14 09:15:37:47725][https-jsse-nio-8443-exec-4] DEBUG o.s.web.servlet.DispatcherServlet - Detected FixedThemeResolver
[2025-10-14 09:15:37:47725][https-jsse-nio-8443-exec-4] DEBUG o.s.web.servlet.DispatcherServlet - Detected org.springframework.web.servlet.view.DefaultRequestToViewNameTranslator@4b401ed8
[2025-10-14 09:15:37:47726][https-jsse-nio-8443-exec-4] DEBUG o.s.web.servlet.DispatcherServlet - Detected org.springframework.web.servlet.support.SessionFlashMapManager@5ab96ee7
[2025-10-14 09:15:37:47726][https-jsse-nio-8443-exec-4] DEBUG o.s.web.servlet.DispatcherServlet - enableLoggingRequestDetails='false': request parameters and headers will be masked to prevent unsafe logging of potentially sensitive data
[2025-10-14 09:15:37:47726][https-jsse-nio-8443-exec-4] INFO  o.s.web.servlet.DispatcherServlet - Completed initialization in 1 ms
[2025-10-14 09:15:37:47742][https-jsse-nio-8443-exec-4] DEBUG o.s.web.servlet.DispatcherServlet - GET "/adminchat/info?t=1760400937473", parameters={masked}
[2025-10-14 09:15:37:47743][https-jsse-nio-8443-exec-4] DEBUG o.s.w.s.s.s.WebSocketHandlerMapping - Mapped to org.springframework.web.socket.sockjs.support.SockJsHttpRequestHandler@4bae15f
[2025-10-14 09:15:37:47754][https-jsse-nio-8443-exec-4] DEBUG o.s.w.s.s.t.h.DefaultSockJsService - Processing transport request: GET https://192.168.1.8:8443/adminchat/info?t=1760400937473
[2025-10-14 09:15:37:47756][https-jsse-nio-8443-exec-4] DEBUG o.s.web.servlet.DispatcherServlet - Completed 200 OK
[2025-10-14 09:15:37:47791][https-jsse-nio-8443-exec-5] DEBUG o.s.web.servlet.DispatcherServlet - GET "/adminchat/652/111mftaw/websocket", parameters={}
[2025-10-14 09:15:37:47791][https-jsse-nio-8443-exec-5] DEBUG o.s.w.s.s.s.WebSocketHandlerMapping - Mapped to org.springframework.web.socket.sockjs.support.SockJsHttpRequestHandler@4bae15f
[2025-10-14 09:15:37:47793][https-jsse-nio-8443-exec-5] DEBUG o.s.w.s.s.t.h.DefaultSockJsService - Processing transport request: GET https://192.168.1.8:8443/adminchat/652/111mftaw/websocket
[2025-10-14 09:15:37:47813][https-jsse-nio-8443-exec-5] DEBUG o.s.web.servlet.DispatcherServlet - Completed 101 SWITCHING_PROTOCOLS
[2025-10-14 09:15:37:47820][https-jsse-nio-8443-exec-5] DEBUG o.s.w.s.h.LoggingWebSocketHandlerDecorator - New WebSocketServerSockJsSession[id=111mftaw]
[2025-10-14 09:15:37:47840][clientInboundChannel-2] DEBUG o.springframework.web.SimpLogging - Processing CONNECT session=111mftaw
[2025-10-14 09:15:37:47844][clientInboundChannel-4] DEBUG o.s.w.s.m.WebSocketAnnotationMethodMessageHandler - Searching methods to handle SUBSCRIBE /adminsend/to/admin id=sub-0 session=111mftaw, lookupDestination='/adminsend/to/admin'
[2025-10-14 09:15:37:47844][clientInboundChannel-4] DEBUG o.s.w.s.m.WebSocketAnnotationMethodMessageHandler - No matching message handler methods.
[2025-10-14 09:15:37:47844][clientInboundChannel-5] DEBUG o.springframework.web.SimpLogging - Processing SUBSCRIBE /adminsend/to/admin id=sub-0 session=111mftaw
[2025-10-14 09:15:46:56672][https-jsse-nio-8443-exec-9] DEBUG o.s.web.servlet.DispatcherServlet - GET "/chat/chat3", parameters={}
[2025-10-14 09:15:46:56673][https-jsse-nio-8443-exec-9] DEBUG o.s.w.s.m.m.a.RequestMappingHandlerMapping - Mapped to edu.sm.controller.ChatController#map2(Model)
[2025-10-14 09:15:46:56703][https-jsse-nio-8443-exec-9] DEBUG o.s.w.s.v.ContentNegotiatingViewResolver - Selected 'text/html' given [text/html, application/xhtml+xml, image/avif, image/webp, image/apng, application/xml;q=0.9, */*;q=0.8, application/signed-exchange;v=b3;q=0.7]
[2025-10-14 09:15:46:56703][https-jsse-nio-8443-exec-9] DEBUG o.s.web.servlet.view.JstlView - View name [index], model {websocketurl=https://192.168.1.8:8443/, center=chat/chat3, left=chat/left}
[2025-10-14 09:15:46:56708][https-jsse-nio-8443-exec-9] DEBUG o.s.web.servlet.view.JstlView - Forwarding to [/views/index.jsp]
[2025-10-14 09:15:47:57222][https-jsse-nio-8443-exec-9] DEBUG o.s.web.servlet.DispatcherServlet - Completed 200 OK
[2025-10-14 09:15:47:57252][https-jsse-nio-8443-exec-2] DEBUG o.s.web.servlet.DispatcherServlet - GET "/webjars/sockjs-client/sockjs.min.js", parameters={}
[2025-10-14 09:15:47:57252][https-jsse-nio-8443-exec-2] DEBUG o.s.w.s.h.SimpleUrlHandlerMapping - Mapped to ResourceHttpRequestHandler [classpath [META-INF/resources/webjars/]]
[2025-10-14 09:15:47:57259][https-jsse-nio-8443-exec-2] DEBUG o.s.web.servlet.DispatcherServlet - Completed 200 OK
[2025-10-14 09:15:47:57262][https-jsse-nio-8443-exec-3] DEBUG o.s.web.servlet.DispatcherServlet - GET "/webjars/stomp-websocket/stomp.min.js", parameters={}
[2025-10-14 09:15:47:57262][https-jsse-nio-8443-exec-3] DEBUG o.s.w.s.h.SimpleUrlHandlerMapping - Mapped to ResourceHttpRequestHandler [classpath [META-INF/resources/webjars/]]
[2025-10-14 09:15:47:57265][https-jsse-nio-8443-exec-3] DEBUG o.s.web.servlet.DispatcherServlet - Completed 200 OK
[2025-10-14 09:15:47:57577][https-jsse-nio-8443-exec-7] DEBUG o.s.web.servlet.DispatcherServlet - GET "/favicon.ico", parameters={}
[2025-10-14 09:15:47:57577][https-jsse-nio-8443-exec-7] DEBUG o.s.w.s.h.SimpleUrlHandlerMapping - Mapped to ResourceHttpRequestHandler [classpath [META-INF/resources/], classpath [resources/], classpath [static/], classpath [public/], ServletContext [/]]
[2025-10-14 09:15:47:57578][https-jsse-nio-8443-exec-7] DEBUG o.s.w.s.r.ResourceHttpRequestHandler - Resource not found
[2025-10-14 09:15:47:57580][https-jsse-nio-8443-exec-7] DEBUG o.s.w.s.m.s.DefaultHandlerExceptionResolver - Resolved [org.springframework.web.servlet.resource.NoResourceFoundException: No static resource favicon.ico.]
[2025-10-14 09:15:47:57580][https-jsse-nio-8443-exec-7] DEBUG o.s.web.servlet.DispatcherServlet - Completed 404 NOT_FOUND
[2025-10-14 09:15:47:57581][https-jsse-nio-8443-exec-7] DEBUG o.s.web.servlet.DispatcherServlet - "ERROR" dispatch for GET "/error", parameters={}
[2025-10-14 09:15:47:57581][https-jsse-nio-8443-exec-7] DEBUG o.s.w.s.m.m.a.RequestMappingHandlerMapping - Mapped to org.springframework.boot.autoconfigure.web.servlet.error.BasicErrorController#error(HttpServletRequest)
[2025-10-14 09:15:47:57587][https-jsse-nio-8443-exec-7] DEBUG o.s.w.s.m.m.a.HttpEntityMethodProcessor - Using 'application/json;q=0.8', given [image/avif, image/webp, image/apng, image/svg+xml, image/*, */*;q=0.8] and supported [application/json, application/*+json]
[2025-10-14 09:15:47:57590][https-jsse-nio-8443-exec-7] DEBUG o.s.w.s.m.m.a.HttpEntityMethodProcessor - Writing [{timestamp=Tue Oct 14 09:15:47 KST 2025, status=404, error=Not Found, trace=org.springframework.web. (truncated)...]
[2025-10-14 09:15:47:57605][https-jsse-nio-8443-exec-7] DEBUG o.s.web.servlet.DispatcherServlet - Exiting from "ERROR" dispatch, status 404
[2025-10-14 09:15:52:62280][https-jsse-nio-8443-exec-3] DEBUG o.s.web.servlet.DispatcherServlet - GET "/", parameters={}
[2025-10-14 09:15:52:62280][https-jsse-nio-8443-exec-3] DEBUG o.s.w.s.m.m.a.RequestMappingHandlerMapping - Mapped to edu.sm.controller.MainController#main(Model)
[2025-10-14 09:15:52:62284][https-jsse-nio-8443-exec-3] DEBUG o.s.web.servlet.view.RedirectView - View name [redirect:], model {}
[2025-10-14 09:15:52:62284][https-jsse-nio-8443-exec-3] DEBUG o.s.web.servlet.DispatcherServlet - Completed 302 FOUND
[2025-10-14 09:15:52:62291][https-jsse-nio-8443-exec-1] DEBUG o.s.web.servlet.DispatcherServlet - GET "/market", parameters={}
[2025-10-14 09:15:52:62292][https-jsse-nio-8443-exec-1] DEBUG o.s.w.s.m.m.a.RequestMappingHandlerMapping - Mapped to edu.sm.controller.MarketController#main(int, Model)
[2025-10-14 09:15:52:62540][https-jsse-nio-8443-exec-1] DEBUG o.s.w.s.v.ContentNegotiatingViewResolver - Selected 'text/html' given [text/html, application/xhtml+xml, image/avif, image/webp, image/apng, application/xml;q=0.9, */*;q=0.8, application/signed-exchange;v=b3;q=0.7]
[2025-10-14 09:15:52:62543][https-jsse-nio-8443-exec-1] DEBUG o.s.web.servlet.view.JstlView - View name [index], model {unreadChatCount=0, cateList=[Cate(cateId=1, cateName=전자기기), Cate(cateId=2, cateName=생활용품), Cate(cateId=3, cateName=가구), Cate(cateId=4, cateName=의류), Cate(cateId=5, cateName=도서), Cate(cateId=6, cateName=스포츠/레저), Cate(cateId=7, cateName=기타)], productList=PageInfo{pageNum=1, pageSize=9, size=9, startRow=1, endRow=9, total=30, pages=4, list=Page{count=true, pageNum=1, pageSize=9, startRow=0, endRow=9, total=30, pages=4, reasonable=false, pageSizeZero=false}[Product(productId=36, productName=제가 여장할때 입는 치마 팔아요, productPrice=40201, productImg=ch1.jpg, productRegdate=2025-10-13 20:05:50.759519, productUpdate=2025-10-13 20:05:50.759519, cateId=4, cateName=의류, lat=36.801750880024166, lng=127.07447118262478, productDesc=집에서만 입어서 깨끗해요, custId=1, productImgFile=null, chatCount=0, wishlistStatus=false), Product(productId=35, productName=수능특강책 전권 팔아요, productPrice=30000, productImg=b5.jpg, productRegdate=2025-10-13 02:46:43.205333, productUpdate=2025-10-13 02:46:43.205333, cateId=5, cateName=도서, lat=36.80415, lng=127.07765, productDesc=대학안갈거라 다 팔아요 ., custId=4, productImgFile=null, chatCount=0, wishlistStatus=false), Product(productId=34, productName=마법천자문 전권 판매해요, productPrice=200000, productImg=b4.jpg, productRegdate=2025-10-13 02:46:43.198582, productUpdate=2025-10-13 02:46:43.198582, cateId=5, cateName=도서, lat=36.79701, lng=127.07316, productDesc=한자공부할때 도움 많이 됩니다., custId=3, productImgFile=null, chatCount=0, wishlistStatus=false), Product(productId=33, productName=코믹메이플스토리 전권 판매합니다, productPrice=180000, productImg=b3.jpg, productRegdate=2025-10-13 02:46:43.190824, productUpdate=2025-10-13 02:46:43.190824, cateId=5, cateName=도서, lat=36.80194, lng=127.07543, productDesc=이거 진짜 정말 재밌읍니다., custId=2, productImgFile=null, chatCount=0, wishlistStatus=false), Product(productId=32, productName=SQL관련 책 판매합니다, productPrice=18000, productImg=b2.jpg, productRegdate=2025-10-13 02:46:43.18397, productUpdate=2025-10-13 02:46:43.18397, cateId=5, cateName=도서, lat=36.79888, lng=127.08001, productDesc=노어노문학과러 전과하게되어 팝니다, custId=1, productImgFile=null, chatCount=0, wishlistStatus=false), Product(productId=31, productName=SQLD의 모든것 2025년식 판매합니다, productPrice=28000, productImg=b1.jpg, productRegdate=2025-10-13 02:46:43.177334, productUpdate=2025-10-13 02:46:43.177334, cateId=5, cateName=도서, lat=36.80055, lng=127.07082, productDesc=박스까지 다 있어요. 상태 최상입니다., custId=2, productImgFile=null, chatCount=0, wishlistStatus=false), Product(productId=30, productName=무전기 팔아요, productPrice=15000, productImg=n5.jpg, productRegdate=2025-10-13 02:46:43.169442, productUpdate=2025-10-13 02:46:43.169442, cateId=2, cateName=생활용품, lat=36.79612, lng=127.07688, productDesc=전역할때 행보관한테 선물로 받은겁니다 사용0회, custId=4, productImgFile=null, chatCount=0, wishlistStatus=false), Product(productId=29, productName=의자 팔아용, productPrice=55000, productImg=n4.jpg, productRegdate=2025-10-13 02:46:43.156585, productUpdate=2025-10-13 02:46:43.156585, cateId=2, cateName=생활용품, lat=36.80351, lng=127.07921, productDesc=푹신스한 의자입니다 사용 안했어요., custId=1, productImgFile=null, chatCount=0, wishlistStatus=false), Product(productId=28, productName=턱걸이봉 팝니다 , productPrice=22000, productImg=n3.jpg, productRegdate=2025-10-13 02:46:43.149964, productUpdate=2025-10-13 02:46:43.149964, cateId=2, cateName=생활용품, lat=36.79505, lng=127.07199, productDesc=형 턱걸이 할때 나사빼놓으니까 넘어지더니 고장난줄알고 팔래요 ㅋㅋ., custId=5, productImgFile=null, chatCount=0, wishlistStatus=false)], prePage=0, nextPage=2, isFirstPage=true, isLastPage=false, hasPreviousPage=false, hasNextPage=true, navigatePages=5, navigateFirstPage=1, navigateLastPage=4, navigatepageNums=[1, 2, 3, 4]}, target=/market, center=market/center, left=market/left, org.springframework.validation.BindingResult.productList=org.springframework.validation.BeanPropertyBindingResult: 0 errors}
[2025-10-14 09:15:52:62544][https-jsse-nio-8443-exec-1] DEBUG o.s.web.servlet.view.JstlView - Forwarding to [/views/index.jsp]
[2025-10-14 09:15:52:62760][https-jsse-nio-8443-exec-4] DEBUG o.s.web.servlet.DispatcherServlet - GET "/webjars/stomp-websocket/stomp.min.js", parameters={}
[2025-10-14 09:15:52:62760][https-jsse-nio-8443-exec-4] DEBUG o.s.w.s.h.SimpleUrlHandlerMapping - Mapped to ResourceHttpRequestHandler [classpath [META-INF/resources/webjars/]]
[2025-10-14 09:15:52:62762][https-jsse-nio-8443-exec-4] DEBUG o.s.web.servlet.DispatcherServlet - Completed 200 OK
[2025-10-14 09:15:52:62763][https-jsse-nio-8443-exec-4] DEBUG o.s.web.servlet.DispatcherServlet - GET "/webjars/sockjs-client/sockjs.min.js", parameters={}
[2025-10-14 09:15:52:62763][https-jsse-nio-8443-exec-4] DEBUG o.s.w.s.h.SimpleUrlHandlerMapping - Mapped to ResourceHttpRequestHandler [classpath [META-INF/resources/webjars/]]
[2025-10-14 09:15:52:62767][https-jsse-nio-8443-exec-4] DEBUG o.s.web.servlet.DispatcherServlet - Completed 200 OK
[2025-10-14 09:15:52:62768][https-jsse-nio-8443-exec-4] DEBUG o.s.web.servlet.DispatcherServlet - GET "/imgs/banner2.jpg", parameters={}
[2025-10-14 09:15:52:62768][https-jsse-nio-8443-exec-4] DEBUG o.s.w.s.h.SimpleUrlHandlerMapping - Mapped to ResourceHttpRequestHandler [URL [file:/C:/test4/imgs/]]
[2025-10-14 09:15:52:62770][https-jsse-nio-8443-exec-4] DEBUG o.s.web.servlet.DispatcherServlet - Completed 200 OK
[2025-10-14 09:15:52:62770][https-jsse-nio-8443-exec-6] DEBUG o.s.web.servlet.DispatcherServlet - GET "/imgs/banner4.jpg", parameters={}
[2025-10-14 09:15:52:62770][https-jsse-nio-8443-exec-6] DEBUG o.s.w.s.h.SimpleUrlHandlerMapping - Mapped to ResourceHttpRequestHandler [URL [file:/C:/test4/imgs/]]
[2025-10-14 09:15:52:62772][https-jsse-nio-8443-exec-8] DEBUG o.s.web.servlet.DispatcherServlet - GET "/imgs/banner3.jpg", parameters={}
[2025-10-14 09:15:52:62772][https-jsse-nio-8443-exec-8] DEBUG o.s.w.s.h.SimpleUrlHandlerMapping - Mapped to ResourceHttpRequestHandler [URL [file:/C:/test4/imgs/]]
[2025-10-14 09:15:52:62774][https-jsse-nio-8443-exec-8] DEBUG o.s.web.servlet.DispatcherServlet - Completed 200 OK
[2025-10-14 09:15:52:62774][https-jsse-nio-8443-exec-6] DEBUG o.s.web.servlet.DispatcherServlet - Completed 200 OK
[2025-10-14 09:15:52:62778][https-jsse-nio-8443-exec-2] DEBUG o.s.web.servlet.DispatcherServlet - GET "/imgs/ch1.jpg", parameters={}
[2025-10-14 09:15:52:62778][https-jsse-nio-8443-exec-2] DEBUG o.s.w.s.h.SimpleUrlHandlerMapping - Mapped to ResourceHttpRequestHandler [URL [file:/C:/test4/imgs/]]
[2025-10-14 09:15:52:62779][https-jsse-nio-8443-exec-4] DEBUG o.s.web.servlet.DispatcherServlet - GET "/imgs/b5.jpg", parameters={}
[2025-10-14 09:15:52:62779][https-jsse-nio-8443-exec-4] DEBUG o.s.w.s.h.SimpleUrlHandlerMapping - Mapped to ResourceHttpRequestHandler [URL [file:/C:/test4/imgs/]]
[2025-10-14 09:15:52:62780][https-jsse-nio-8443-exec-2] DEBUG o.s.web.servlet.DispatcherServlet - Completed 200 OK
[2025-10-14 09:15:52:62781][https-jsse-nio-8443-exec-4] DEBUG o.s.web.servlet.DispatcherServlet - Completed 200 OK
[2025-10-14 09:15:52:62792][https-jsse-nio-8443-exec-1] DEBUG o.s.web.servlet.DispatcherServlet - Completed 200 OK
[2025-10-14 09:15:52:62794][https-jsse-nio-8443-exec-9] DEBUG o.s.web.servlet.DispatcherServlet - GET "/imgs/b4.jpg", parameters={}
[2025-10-14 09:15:52:62795][https-jsse-nio-8443-exec-9] DEBUG o.s.w.s.h.SimpleUrlHandlerMapping - Mapped to ResourceHttpRequestHandler [URL [file:/C:/test4/imgs/]]
[2025-10-14 09:15:52:62798][https-jsse-nio-8443-exec-9] DEBUG o.s.web.servlet.DispatcherServlet - Completed 200 OK
[2025-10-14 09:15:52:62810][https-jsse-nio-8443-exec-10] DEBUG o.s.web.servlet.DispatcherServlet - GET "/imgs/b3.jpg", parameters={}
[2025-10-14 09:15:52:62811][https-jsse-nio-8443-exec-10] DEBUG o.s.w.s.h.SimpleUrlHandlerMapping - Mapped to ResourceHttpRequestHandler [URL [file:/C:/test4/imgs/]]
[2025-10-14 09:15:52:62812][https-jsse-nio-8443-exec-10] DEBUG o.s.web.servlet.DispatcherServlet - Completed 200 OK
[2025-10-14 09:15:52:62820][https-jsse-nio-8443-exec-3] DEBUG o.s.web.servlet.DispatcherServlet - GET "/imgs/b2.jpg", parameters={}
[2025-10-14 09:15:52:62820][https-jsse-nio-8443-exec-7] DEBUG o.s.web.servlet.DispatcherServlet - GET "/imgs/n5.jpg", parameters={}
[2025-10-14 09:15:52:62820][https-jsse-nio-8443-exec-5] DEBUG o.s.web.servlet.DispatcherServlet - GET "/imgs/b1.jpg", parameters={}
[2025-10-14 09:15:52:62820][https-jsse-nio-8443-exec-8] DEBUG o.s.web.servlet.DispatcherServlet - GET "/imgs/n4.jpg", parameters={}
[2025-10-14 09:15:52:62820][https-jsse-nio-8443-exec-3] DEBUG o.s.w.s.h.SimpleUrlHandlerMapping - Mapped to ResourceHttpRequestHandler [URL [file:/C:/test4/imgs/]]
[2025-10-14 09:15:52:62820][https-jsse-nio-8443-exec-7] DEBUG o.s.w.s.h.SimpleUrlHandlerMapping - Mapped to ResourceHttpRequestHandler [URL [file:/C:/test4/imgs/]]
[2025-10-14 09:15:52:62820][https-jsse-nio-8443-exec-5] DEBUG o.s.w.s.h.SimpleUrlHandlerMapping - Mapped to ResourceHttpRequestHandler [URL [file:/C:/test4/imgs/]]
[2025-10-14 09:15:52:62820][https-jsse-nio-8443-exec-8] DEBUG o.s.w.s.h.SimpleUrlHandlerMapping - Mapped to ResourceHttpRequestHandler [URL [file:/C:/test4/imgs/]]
[2025-10-14 09:15:52:62820][https-jsse-nio-8443-exec-6] DEBUG o.s.web.servlet.DispatcherServlet - GET "/imgs/n3.jpg", parameters={}
[2025-10-14 09:15:52:62821][https-jsse-nio-8443-exec-6] DEBUG o.s.w.s.h.SimpleUrlHandlerMapping - Mapped to ResourceHttpRequestHandler [URL [file:/C:/test4/imgs/]]
[2025-10-14 09:15:52:62822][https-jsse-nio-8443-exec-7] DEBUG o.s.web.servlet.DispatcherServlet - Completed 200 OK
[2025-10-14 09:15:52:62822][https-jsse-nio-8443-exec-3] DEBUG o.s.web.servlet.DispatcherServlet - Completed 200 OK
[2025-10-14 09:15:52:62822][https-jsse-nio-8443-exec-8] DEBUG o.s.web.servlet.DispatcherServlet - Completed 200 OK
[2025-10-14 09:15:52:62822][https-jsse-nio-8443-exec-5] DEBUG o.s.web.servlet.DispatcherServlet - Completed 200 OK
[2025-10-14 09:15:52:62823][https-jsse-nio-8443-exec-6] DEBUG o.s.web.servlet.DispatcherServlet - Completed 200 OK
[2025-10-14 09:15:52:62848][https-jsse-nio-8443-exec-2] DEBUG o.s.web.servlet.DispatcherServlet - GET "/market/api/products/price-ranking", parameters={}
[2025-10-14 09:15:52:62848][https-jsse-nio-8443-exec-2] DEBUG o.s.w.s.m.m.a.RequestMappingHandlerMapping - Mapped to edu.sm.controller.MarketController#getPriceRanking()
[2025-10-14 09:15:52:62864][https-jsse-nio-8443-exec-2] DEBUG o.s.w.s.m.m.a.HttpEntityMethodProcessor - Using 'application/json', given [*/*] and supported [application/json, application/*+json]
[2025-10-14 09:15:52:62865][https-jsse-nio-8443-exec-2] DEBUG o.s.w.s.m.m.a.HttpEntityMethodProcessor - Writing [[Product(productId=25, productName=아버지가 생일선물로 준 요트 팔아요, productPrice=23000000, productImg=w5.jpg, pr (truncated)...]
[2025-10-14 09:15:52:62884][https-jsse-nio-8443-exec-2] DEBUG o.s.web.servlet.DispatcherServlet - Completed 200 OK
[2025-10-14 09:15:52:62978][MessageBroker-2] INFO  o.s.w.s.c.WebSocketMessageBrokerStats - WebSocketSession[1 current WS(1)-HttpStream(0)-HttpPoll(0), 1 total, 0 closed abnormally (0 connect failure, 0 send limit, 0 transport error)], stompSubProtocol[processed CONNECT(1)-CONNECTED(1)-DISCONNECT(0)], stompBrokerRelay[null], inboundChannel[pool size = 6, active threads = 0, queued tasks = 0, completed tasks = 6], outboundChannel[pool size = 1, active threads = 0, queued tasks = 0, completed tasks = 1], sockJsScheduler[pool size = 8, active threads = 1, queued tasks = 2, completed tasks = 4]
[2025-10-14 09:16:02:72861][https-jsse-nio-8443-exec-4] DEBUG o.s.web.servlet.DispatcherServlet - GET "/market/api/products/regdate-ranking", parameters={}
[2025-10-14 09:16:02:72861][https-jsse-nio-8443-exec-4] DEBUG o.s.w.s.m.m.a.RequestMappingHandlerMapping - Mapped to edu.sm.controller.MarketController#getRegDateRanking()
[2025-10-14 09:16:02:72868][https-jsse-nio-8443-exec-4] DEBUG o.s.w.s.m.m.a.HttpEntityMethodProcessor - Using 'application/json', given [*/*] and supported [application/json, application/*+json]
[2025-10-14 09:16:02:72868][https-jsse-nio-8443-exec-4] DEBUG o.s.w.s.m.m.a.HttpEntityMethodProcessor - Writing [[Product(productId=36, productName=제가 여장할때 입는 치마 팔아요, productPrice=40201, productImg=ch1.jpg, produc (truncated)...]
[2025-10-14 09:16:02:72872][https-jsse-nio-8443-exec-4] DEBUG o.s.web.servlet.DispatcherServlet - Completed 200 OK
[2025-10-14 09:16:09:79429][https-jsse-nio-8443-exec-1] DEBUG o.s.web.servlet.DispatcherServlet - GET "/chat/list", parameters={}
[2025-10-14 09:16:09:79429][https-jsse-nio-8443-exec-1] DEBUG o.s.w.s.m.m.a.RequestMappingHandlerMapping - Mapped to edu.sm.controller.ChatController#chatList(Model, HttpServletRequest)
[2025-10-14 09:16:09:79430][https-jsse-nio-8443-exec-1] DEBUG o.s.web.servlet.view.RedirectView - View name [redirect:], model {}
[2025-10-14 09:16:09:79430][https-jsse-nio-8443-exec-1] DEBUG o.s.web.servlet.DispatcherServlet - Completed 302 FOUND
[2025-10-14 09:16:09:79437][https-jsse-nio-8443-exec-9] DEBUG o.s.web.servlet.DispatcherServlet - GET "/login", parameters={}
[2025-10-14 09:16:09:79437][https-jsse-nio-8443-exec-9] DEBUG o.s.w.s.m.m.a.RequestMappingHandlerMapping - Mapped to edu.sm.controller.LoginController#add(Model)
[2025-10-14 09:16:09:79438][https-jsse-nio-8443-exec-9] DEBUG o.s.w.s.v.ContentNegotiatingViewResolver - Selected 'text/html' given [text/html, application/xhtml+xml, image/avif, image/webp, image/apng, application/xml;q=0.9, */*;q=0.8, application/signed-exchange;v=b3;q=0.7]
[2025-10-14 09:16:09:79438][https-jsse-nio-8443-exec-9] DEBUG o.s.web.servlet.view.JstlView - View name [index], model {center=login, left=blank}
[2025-10-14 09:16:09:79438][https-jsse-nio-8443-exec-9] DEBUG o.s.web.servlet.view.JstlView - Forwarding to [/views/index.jsp]
[2025-10-14 09:16:09:79571][https-jsse-nio-8443-exec-9] DEBUG o.s.web.servlet.DispatcherServlet - Completed 200 OK
[2025-10-14 09:16:09:79582][https-jsse-nio-8443-exec-10] DEBUG o.s.web.servlet.DispatcherServlet - GET "/webjars/sockjs-client/sockjs.min.js", parameters={}
[2025-10-14 09:16:09:79582][https-jsse-nio-8443-exec-7] DEBUG o.s.web.servlet.DispatcherServlet - GET "/webjars/stomp-websocket/stomp.min.js", parameters={}
[2025-10-14 09:16:09:79583][https-jsse-nio-8443-exec-10] DEBUG o.s.w.s.h.SimpleUrlHandlerMapping - Mapped to ResourceHttpRequestHandler [classpath [META-INF/resources/webjars/]]
[2025-10-14 09:16:09:79583][https-jsse-nio-8443-exec-7] DEBUG o.s.w.s.h.SimpleUrlHandlerMapping - Mapped to ResourceHttpRequestHandler [classpath [META-INF/resources/webjars/]]
[2025-10-14 09:16:09:79584][https-jsse-nio-8443-exec-7] DEBUG o.s.web.servlet.DispatcherServlet - Completed 200 OK
[2025-10-14 09:16:09:79585][https-jsse-nio-8443-exec-10] DEBUG o.s.web.servlet.DispatcherServlet - Completed 200 OK
[2025-10-14 09:16:10:80623][https-jsse-nio-8443-exec-3] DEBUG o.s.web.servlet.DispatcherServlet - POST "/loginimpl", parameters={masked}
[2025-10-14 09:16:10:80624][https-jsse-nio-8443-exec-3] DEBUG o.s.w.s.m.m.a.RequestMappingHandlerMapping - Mapped to edu.sm.controller.LoginController#loginimpl(Model, String, String, HttpSession)
[2025-10-14 09:16:10:80707][https-jsse-nio-8443-exec-3] DEBUG o.s.web.servlet.view.RedirectView - View name [redirect:], model {}
[2025-10-14 09:16:10:80707][https-jsse-nio-8443-exec-3] DEBUG o.s.web.servlet.DispatcherServlet - Completed 302 FOUND
[2025-10-14 09:16:10:80710][https-jsse-nio-8443-exec-6] DEBUG o.s.web.servlet.DispatcherServlet - GET "/", parameters={}
[2025-10-14 09:16:10:80710][https-jsse-nio-8443-exec-6] DEBUG o.s.w.s.m.m.a.RequestMappingHandlerMapping - Mapped to edu.sm.controller.MainController#main(Model)
[2025-10-14 09:16:10:80710][https-jsse-nio-8443-exec-6] DEBUG o.s.web.servlet.view.RedirectView - View name [redirect:], model {}
[2025-10-14 09:16:10:80710][https-jsse-nio-8443-exec-6] DEBUG o.s.web.servlet.DispatcherServlet - Completed 302 FOUND
[2025-10-14 09:16:10:80713][https-jsse-nio-8443-exec-5] DEBUG o.s.web.servlet.DispatcherServlet - GET "/market", parameters={}
[2025-10-14 09:16:10:80713][https-jsse-nio-8443-exec-5] DEBUG o.s.w.s.m.m.a.RequestMappingHandlerMapping - Mapped to edu.sm.controller.MarketController#main(int, Model)
[2025-10-14 09:16:10:80720][https-jsse-nio-8443-exec-5] DEBUG o.s.w.s.v.ContentNegotiatingViewResolver - Selected 'text/html' given [text/html, application/xhtml+xml, image/avif, image/webp, image/apng, application/xml;q=0.9, */*;q=0.8, application/signed-exchange;v=b3;q=0.7]
[2025-10-14 09:16:10:80721][https-jsse-nio-8443-exec-5] DEBUG o.s.web.servlet.view.JstlView - View name [index], model {unreadChatCount=19, cateList=[Cate(cateId=1, cateName=전자기기), Cate(cateId=2, cateName=생활용품), Cate(cateId=3, cateName=가구), Cate(cateId=4, cateName=의류), Cate(cateId=5, cateName=도서), Cate(cateId=6, cateName=스포츠/레저), Cate(cateId=7, cateName=기타)], productList=PageInfo{pageNum=1, pageSize=9, size=9, startRow=1, endRow=9, total=30, pages=4, list=Page{count=true, pageNum=1, pageSize=9, startRow=0, endRow=9, total=30, pages=4, reasonable=false, pageSizeZero=false}[Product(productId=36, productName=제가 여장할때 입는 치마 팔아요, productPrice=40201, productImg=ch1.jpg, productRegdate=2025-10-13 20:05:50.759519, productUpdate=2025-10-13 20:05:50.759519, cateId=4, cateName=의류, lat=36.801750880024166, lng=127.07447118262478, productDesc=집에서만 입어서 깨끗해요, custId=1, productImgFile=null, chatCount=0, wishlistStatus=false), Product(productId=35, productName=수능특강책 전권 팔아요, productPrice=30000, productImg=b5.jpg, productRegdate=2025-10-13 02:46:43.205333, productUpdate=2025-10-13 02:46:43.205333, cateId=5, cateName=도서, lat=36.80415, lng=127.07765, productDesc=대학안갈거라 다 팔아요 ., custId=4, productImgFile=null, chatCount=0, wishlistStatus=false), Product(productId=34, productName=마법천자문 전권 판매해요, productPrice=200000, productImg=b4.jpg, productRegdate=2025-10-13 02:46:43.198582, productUpdate=2025-10-13 02:46:43.198582, cateId=5, cateName=도서, lat=36.79701, lng=127.07316, productDesc=한자공부할때 도움 많이 됩니다., custId=3, productImgFile=null, chatCount=0, wishlistStatus=false), Product(productId=33, productName=코믹메이플스토리 전권 판매합니다, productPrice=180000, productImg=b3.jpg, productRegdate=2025-10-13 02:46:43.190824, productUpdate=2025-10-13 02:46:43.190824, cateId=5, cateName=도서, lat=36.80194, lng=127.07543, productDesc=이거 진짜 정말 재밌읍니다., custId=2, productImgFile=null, chatCount=0, wishlistStatus=false), Product(productId=32, productName=SQL관련 책 판매합니다, productPrice=18000, productImg=b2.jpg, productRegdate=2025-10-13 02:46:43.18397, productUpdate=2025-10-13 02:46:43.18397, cateId=5, cateName=도서, lat=36.79888, lng=127.08001, productDesc=노어노문학과러 전과하게되어 팝니다, custId=1, productImgFile=null, chatCount=0, wishlistStatus=false), Product(productId=31, productName=SQLD의 모든것 2025년식 판매합니다, productPrice=28000, productImg=b1.jpg, productRegdate=2025-10-13 02:46:43.177334, productUpdate=2025-10-13 02:46:43.177334, cateId=5, cateName=도서, lat=36.80055, lng=127.07082, productDesc=박스까지 다 있어요. 상태 최상입니다., custId=2, productImgFile=null, chatCount=0, wishlistStatus=false), Product(productId=30, productName=무전기 팔아요, productPrice=15000, productImg=n5.jpg, productRegdate=2025-10-13 02:46:43.169442, productUpdate=2025-10-13 02:46:43.169442, cateId=2, cateName=생활용품, lat=36.79612, lng=127.07688, productDesc=전역할때 행보관한테 선물로 받은겁니다 사용0회, custId=4, productImgFile=null, chatCount=0, wishlistStatus=false), Product(productId=29, productName=의자 팔아용, productPrice=55000, productImg=n4.jpg, productRegdate=2025-10-13 02:46:43.156585, productUpdate=2025-10-13 02:46:43.156585, cateId=2, cateName=생활용품, lat=36.80351, lng=127.07921, productDesc=푹신스한 의자입니다 사용 안했어요., custId=1, productImgFile=null, chatCount=0, wishlistStatus=false), Product(productId=28, productName=턱걸이봉 팝니다 , productPrice=22000, productImg=n3.jpg, productRegdate=2025-10-13 02:46:43.149964, productUpdate=2025-10-13 02:46:43.149964, cateId=2, cateName=생활용품, lat=36.79505, lng=127.07199, productDesc=형 턱걸이 할때 나사빼놓으니까 넘어지더니 고장난줄알고 팔래요 ㅋㅋ., custId=5, productImgFile=null, chatCount=0, wishlistStatus=false)], prePage=0, nextPage=2, isFirstPage=true, isLastPage=false, hasPreviousPage=false, hasNextPage=true, navigatePages=5, navigateFirstPage=1, navigateLastPage=4, navigatepageNums=[1, 2, 3, 4]}, target=/market, center=market/center, left=market/left, org.springframework.validation.BindingResult.productList=org.springframework.validation.BeanPropertyBindingResult: 0 errors}
[2025-10-14 09:16:10:80721][https-jsse-nio-8443-exec-5] DEBUG o.s.web.servlet.view.JstlView - Forwarding to [/views/index.jsp]
[2025-10-14 09:16:10:80731][https-jsse-nio-8443-exec-5] DEBUG o.s.web.servlet.DispatcherServlet - Completed 200 OK
[2025-10-14 09:16:10:80739][https-jsse-nio-8443-exec-8] DEBUG o.s.web.servlet.DispatcherServlet - GET "/webjars/sockjs-client/sockjs.min.js", parameters={}
[2025-10-14 09:16:10:80739][https-jsse-nio-8443-exec-2] DEBUG o.s.web.servlet.DispatcherServlet - GET "/webjars/stomp-websocket/stomp.min.js", parameters={}
[2025-10-14 09:16:10:80739][https-jsse-nio-8443-exec-4] DEBUG o.s.web.servlet.DispatcherServlet - GET "/imgs/banner4.jpg", parameters={}
[2025-10-14 09:16:10:80739][https-jsse-nio-8443-exec-1] DEBUG o.s.web.servlet.DispatcherServlet - GET "/imgs/banner2.jpg", parameters={}
[2025-10-14 09:16:10:80739][https-jsse-nio-8443-exec-8] DEBUG o.s.w.s.h.SimpleUrlHandlerMapping - Mapped to ResourceHttpRequestHandler [classpath [META-INF/resources/webjars/]]
[2025-10-14 09:16:10:80739][https-jsse-nio-8443-exec-1] DEBUG o.s.w.s.h.SimpleUrlHandlerMapping - Mapped to ResourceHttpRequestHandler [URL [file:/C:/test4/imgs/]]
[2025-10-14 09:16:10:80739][https-jsse-nio-8443-exec-4] DEBUG o.s.w.s.h.SimpleUrlHandlerMapping - Mapped to ResourceHttpRequestHandler [URL [file:/C:/test4/imgs/]]
[2025-10-14 09:16:10:80739][https-jsse-nio-8443-exec-2] DEBUG o.s.w.s.h.SimpleUrlHandlerMapping - Mapped to ResourceHttpRequestHandler [classpath [META-INF/resources/webjars/]]
[2025-10-14 09:16:10:80739][https-jsse-nio-8443-exec-1] DEBUG o.s.web.servlet.DispatcherServlet - Completed 200 OK
[2025-10-14 09:16:10:80740][https-jsse-nio-8443-exec-2] DEBUG o.s.web.servlet.DispatcherServlet - Completed 200 OK
[2025-10-14 09:16:10:80741][https-jsse-nio-8443-exec-4] DEBUG o.s.web.servlet.DispatcherServlet - Completed 200 OK
[2025-10-14 09:16:10:80741][https-jsse-nio-8443-exec-8] DEBUG o.s.web.servlet.DispatcherServlet - Completed 200 OK
[2025-10-14 09:16:10:80743][https-jsse-nio-8443-exec-8] DEBUG o.s.web.servlet.DispatcherServlet - GET "/imgs/banner3.jpg", parameters={}
[2025-10-14 09:16:10:80743][https-jsse-nio-8443-exec-9] DEBUG o.s.web.servlet.DispatcherServlet - GET "/imgs/ch1.jpg", parameters={}
[2025-10-14 09:16:10:80743][https-jsse-nio-8443-exec-8] DEBUG o.s.w.s.h.SimpleUrlHandlerMapping - Mapped to ResourceHttpRequestHandler [URL [file:/C:/test4/imgs/]]
[2025-10-14 09:16:10:80743][https-jsse-nio-8443-exec-9] DEBUG o.s.w.s.h.SimpleUrlHandlerMapping - Mapped to ResourceHttpRequestHandler [URL [file:/C:/test4/imgs/]]
[2025-10-14 09:16:10:80743][https-jsse-nio-8443-exec-8] DEBUG o.s.web.servlet.DispatcherServlet - Completed 200 OK
[2025-10-14 09:16:10:80743][https-jsse-nio-8443-exec-9] DEBUG o.s.web.servlet.DispatcherServlet - Completed 200 OK
[2025-10-14 09:16:10:80746][https-jsse-nio-8443-exec-7] DEBUG o.s.web.servlet.DispatcherServlet - GET "/imgs/b5.jpg", parameters={}
[2025-10-14 09:16:10:80746][https-jsse-nio-8443-exec-7] DEBUG o.s.w.s.h.SimpleUrlHandlerMapping - Mapped to ResourceHttpRequestHandler [URL [file:/C:/test4/imgs/]]
[2025-10-14 09:16:10:80747][https-jsse-nio-8443-exec-7] DEBUG o.s.web.servlet.DispatcherServlet - Completed 200 OK
[2025-10-14 09:16:10:80749][https-jsse-nio-8443-exec-10] DEBUG o.s.web.servlet.DispatcherServlet - GET "/imgs/b4.jpg", parameters={}
[2025-10-14 09:16:10:80749][https-jsse-nio-8443-exec-10] DEBUG o.s.w.s.h.SimpleUrlHandlerMapping - Mapped to ResourceHttpRequestHandler [URL [file:/C:/test4/imgs/]]
[2025-10-14 09:16:10:80750][https-jsse-nio-8443-exec-10] DEBUG o.s.web.servlet.DispatcherServlet - Completed 200 OK
[2025-10-14 09:16:10:80751][https-jsse-nio-8443-exec-3] DEBUG o.s.web.servlet.DispatcherServlet - GET "/imgs/b3.jpg", parameters={}
[2025-10-14 09:16:10:80751][https-jsse-nio-8443-exec-3] DEBUG o.s.w.s.h.SimpleUrlHandlerMapping - Mapped to ResourceHttpRequestHandler [URL [file:/C:/test4/imgs/]]
[2025-10-14 09:16:10:80752][https-jsse-nio-8443-exec-3] DEBUG o.s.web.servlet.DispatcherServlet - Completed 200 OK
[2025-10-14 09:16:10:80753][https-jsse-nio-8443-exec-6] DEBUG o.s.web.servlet.DispatcherServlet - GET "/imgs/b2.jpg", parameters={}
[2025-10-14 09:16:10:80753][https-jsse-nio-8443-exec-6] DEBUG o.s.w.s.h.SimpleUrlHandlerMapping - Mapped to ResourceHttpRequestHandler [URL [file:/C:/test4/imgs/]]
[2025-10-14 09:16:10:80754][https-jsse-nio-8443-exec-6] DEBUG o.s.web.servlet.DispatcherServlet - Completed 200 OK
[2025-10-14 09:16:10:80755][https-jsse-nio-8443-exec-5] DEBUG o.s.web.servlet.DispatcherServlet - GET "/imgs/b1.jpg", parameters={}
[2025-10-14 09:16:10:80755][https-jsse-nio-8443-exec-5] DEBUG o.s.w.s.h.SimpleUrlHandlerMapping - Mapped to ResourceHttpRequestHandler [URL [file:/C:/test4/imgs/]]
[2025-10-14 09:16:10:80756][https-jsse-nio-8443-exec-5] DEBUG o.s.web.servlet.DispatcherServlet - Completed 200 OK
[2025-10-14 09:16:10:80758][https-jsse-nio-8443-exec-1] DEBUG o.s.web.servlet.DispatcherServlet - GET "/imgs/n5.jpg", parameters={}
[2025-10-14 09:16:10:80758][https-jsse-nio-8443-exec-1] DEBUG o.s.w.s.h.SimpleUrlHandlerMapping - Mapped to ResourceHttpRequestHandler [URL [file:/C:/test4/imgs/]]
[2025-10-14 09:16:10:80759][https-jsse-nio-8443-exec-1] DEBUG o.s.web.servlet.DispatcherServlet - Completed 200 OK
[2025-10-14 09:16:10:80760][https-jsse-nio-8443-exec-2] DEBUG o.s.web.servlet.DispatcherServlet - GET "/imgs/n4.jpg", parameters={}
[2025-10-14 09:16:10:80760][https-jsse-nio-8443-exec-2] DEBUG o.s.w.s.h.SimpleUrlHandlerMapping - Mapped to ResourceHttpRequestHandler [URL [file:/C:/test4/imgs/]]
[2025-10-14 09:16:10:80761][https-jsse-nio-8443-exec-2] DEBUG o.s.web.servlet.DispatcherServlet - Completed 200 OK
[2025-10-14 09:16:10:80762][https-jsse-nio-8443-exec-2] DEBUG o.s.web.servlet.DispatcherServlet - GET "/imgs/n3.jpg", parameters={}
[2025-10-14 09:16:10:80762][https-jsse-nio-8443-exec-2] DEBUG o.s.w.s.h.SimpleUrlHandlerMapping - Mapped to ResourceHttpRequestHandler [URL [file:/C:/test4/imgs/]]
[2025-10-14 09:16:10:80763][https-jsse-nio-8443-exec-2] DEBUG o.s.web.servlet.DispatcherServlet - Completed 200 OK
[2025-10-14 09:16:10:80799][https-jsse-nio-8443-exec-4] DEBUG o.s.web.servlet.DispatcherServlet - GET "/market/api/products/price-ranking", parameters={}
[2025-10-14 09:16:10:80799][https-jsse-nio-8443-exec-4] DEBUG o.s.w.s.m.m.a.RequestMappingHandlerMapping - Mapped to edu.sm.controller.MarketController#getPriceRanking()
[2025-10-14 09:16:10:80802][https-jsse-nio-8443-exec-4] DEBUG o.s.w.s.m.m.a.HttpEntityMethodProcessor - Using 'application/json', given [*/*] and supported [application/json, application/*+json]
[2025-10-14 09:16:10:80802][https-jsse-nio-8443-exec-4] DEBUG o.s.w.s.m.m.a.HttpEntityMethodProcessor - Writing [[Product(productId=25, productName=아버지가 생일선물로 준 요트 팔아요, productPrice=23000000, productImg=w5.jpg, pr (truncated)...]
[2025-10-14 09:16:10:80803][https-jsse-nio-8443-exec-4] DEBUG o.s.web.servlet.DispatcherServlet - Completed 200 OK
[2025-10-14 09:16:11:81436][https-jsse-nio-8443-exec-8] DEBUG o.s.web.servlet.DispatcherServlet - GET "/chat/list", parameters={}
[2025-10-14 09:16:11:81437][https-jsse-nio-8443-exec-8] DEBUG o.s.w.s.m.m.a.RequestMappingHandlerMapping - Mapped to edu.sm.controller.ChatController#chatList(Model, HttpServletRequest)
[2025-10-14 09:16:11:81443][https-jsse-nio-8443-exec-8] DEBUG o.s.w.s.v.ContentNegotiatingViewResolver - Selected 'text/html' given [text/html, application/xhtml+xml, image/avif, image/webp, image/apng, application/xml;q=0.9, */*;q=0.8, application/signed-exchange;v=b3;q=0.7]
[2025-10-14 09:16:11:81445][https-jsse-nio-8443-exec-8] DEBUG o.s.web.servlet.view.JstlView - View name [index], model {chatPartners=[ChatDot(partnerId=7, hasUnread=false, productId=20, productName=갤럭시북 21팔아요 사용 2개월), ChatDot(partnerId=2, hasUnread=true, productId=null, productName=null), ChatDot(partnerId=2, hasUnread=false, productId=9, productName=가을 겨울용 바지 팔아요), ChatDot(partnerId=1, hasUnread=false, productId=null, productName=null), ChatDot(partnerId=2, hasUnread=false, productId=14, productName=여성용 나시 팝니다), ChatDot(partnerId=2, hasUnread=false, productId=26, productName=샤넬 향수 2번정도 뿌린거 팝니다), ChatDot(partnerId=3, hasUnread=false, productId=10, productName=갈색 청바지 팝니다), ChatDot(partnerId=id07, hasUnread=false, productId=null, productName=null), ChatDot(partnerId=3, hasUnread=false, productId=17, productName=갤럭시 z플립플립플립31팔아요 미개봉입니다), ChatDot(partnerId=2, hasUnread=false, productId=7, productName=좋은 바지 새거 미개봉입니다)], center=chat/list, left=market/left}
[2025-10-14 09:16:11:81445][https-jsse-nio-8443-exec-8] DEBUG o.s.web.servlet.view.JstlView - Forwarding to [/views/index.jsp]
[2025-10-14 09:16:11:81506][https-jsse-nio-8443-exec-8] DEBUG o.s.web.servlet.DispatcherServlet - Completed 200 OK
[2025-10-14 09:16:11:81516][https-jsse-nio-8443-exec-9] DEBUG o.s.web.servlet.DispatcherServlet - GET "/webjars/sockjs-client/sockjs.min.js", parameters={}
[2025-10-14 09:16:11:81516][https-jsse-nio-8443-exec-7] DEBUG o.s.web.servlet.DispatcherServlet - GET "/webjars/stomp-websocket/stomp.min.js", parameters={}
[2025-10-14 09:16:11:81516][https-jsse-nio-8443-exec-9] DEBUG o.s.w.s.h.SimpleUrlHandlerMapping - Mapped to ResourceHttpRequestHandler [classpath [META-INF/resources/webjars/]]
[2025-10-14 09:16:11:81516][https-jsse-nio-8443-exec-7] DEBUG o.s.w.s.h.SimpleUrlHandlerMapping - Mapped to ResourceHttpRequestHandler [classpath [META-INF/resources/webjars/]]
[2025-10-14 09:16:11:81517][https-jsse-nio-8443-exec-7] DEBUG o.s.web.servlet.DispatcherServlet - Completed 200 OK
[2025-10-14 09:16:11:81519][https-jsse-nio-8443-exec-9] DEBUG o.s.web.servlet.DispatcherServlet - Completed 200 OK
[2025-10-14 09:16:12:82816][https-jsse-nio-8443-exec-10] DEBUG o.s.web.servlet.DispatcherServlet - GET "/chat/modal_view?target=2", parameters={masked}
[2025-10-14 09:16:12:82816][https-jsse-nio-8443-exec-10] DEBUG o.s.w.s.m.m.a.RequestMappingHandlerMapping - Mapped to edu.sm.controller.ChatController#chatModal(Model, Integer)
[2025-10-14 09:16:12:82817][https-jsse-nio-8443-exec-10] DEBUG o.s.w.s.v.ContentNegotiatingViewResolver - Selected 'text/html' given [text/html, application/xhtml+xml, image/avif, image/webp, image/apng, application/xml;q=0.9, */*;q=0.8, application/signed-exchange;v=b3;q=0.7]
[2025-10-14 09:16:12:82817][https-jsse-nio-8443-exec-10] DEBUG o.s.web.servlet.view.JstlView - View name [chat/chat_modal], model {websocketurl=https://192.168.1.8:8443/}
[2025-10-14 09:16:12:82817][https-jsse-nio-8443-exec-10] DEBUG o.s.web.servlet.view.JstlView - Forwarding to [/views/chat/chat_modal.jsp]
[2025-10-14 09:16:12:82865][https-jsse-nio-8443-exec-10] DEBUG o.s.web.servlet.DispatcherServlet - Completed 200 OK
[2025-10-14 09:16:12:82907][https-jsse-nio-8443-exec-3] DEBUG o.s.web.servlet.DispatcherServlet - GET "/api/chat/history?user1=1&user2=2", parameters={masked}
[2025-10-14 09:16:12:82907][https-jsse-nio-8443-exec-3] DEBUG o.s.w.s.m.m.a.RequestMappingHandlerMapping - Mapped to edu.sm.controller.ChatRestController#getHistory(String, String)
[2025-10-14 09:16:12:82908][https-jsse-nio-8443-exec-6] DEBUG o.s.web.servlet.DispatcherServlet - GET "/chat/info?t=1760400972708", parameters={masked}
[2025-10-14 09:16:12:82908][https-jsse-nio-8443-exec-6] DEBUG o.s.w.s.s.s.WebSocketHandlerMapping - Mapped to org.springframework.web.socket.sockjs.support.SockJsHttpRequestHandler@bce02
[2025-10-14 09:16:12:82908][https-jsse-nio-8443-exec-6] DEBUG o.s.w.s.s.t.h.DefaultSockJsService - Processing transport request: GET https://192.168.1.8:8443/chat/info?t=1760400972708
[2025-10-14 09:16:12:82908][https-jsse-nio-8443-exec-6] DEBUG o.s.web.servlet.DispatcherServlet - Completed 200 OK
[2025-10-14 09:16:12:82922][https-jsse-nio-8443-exec-3] DEBUG o.s.w.s.m.m.a.RequestResponseBodyMethodProcessor - Using 'application/json', given [*/*] and supported [application/json, application/*+json]
[2025-10-14 09:16:12:82928][https-jsse-nio-8443-exec-3] DEBUG o.s.w.s.m.m.a.RequestResponseBodyMethodProcessor - Writing [[ChatMessage(messageId=1, senderId=2, receiverId=1, content=구매 합니다, sentAt=Mon Oct 13 17:44:14 KST 2 (truncated)...]
[2025-10-14 09:16:12:82931][https-jsse-nio-8443-exec-3] DEBUG o.s.web.servlet.DispatcherServlet - Completed 200 OK
[2025-10-14 09:16:12:82935][https-jsse-nio-8443-exec-6] DEBUG o.s.web.servlet.DispatcherServlet - GET "/chat/022/smyysjra/websocket", parameters={}
[2025-10-14 09:16:12:82935][https-jsse-nio-8443-exec-6] DEBUG o.s.w.s.s.s.WebSocketHandlerMapping - Mapped to org.springframework.web.socket.sockjs.support.SockJsHttpRequestHandler@bce02
[2025-10-14 09:16:12:82935][https-jsse-nio-8443-exec-6] DEBUG o.s.w.s.s.t.h.DefaultSockJsService - Processing transport request: GET https://192.168.1.8:8443/chat/022/smyysjra/websocket
[2025-10-14 09:16:12:82936][https-jsse-nio-8443-exec-6] DEBUG o.s.web.servlet.DispatcherServlet - Completed 101 SWITCHING_PROTOCOLS
[2025-10-14 09:16:12:82937][https-jsse-nio-8443-exec-6] DEBUG o.s.w.s.h.LoggingWebSocketHandlerDecorator - New WebSocketServerSockJsSession[id=smyysjra]
[2025-10-14 09:16:12:82940][clientInboundChannel-8] DEBUG o.springframework.web.SimpLogging - Processing CONNECT session=smyysjra
[2025-10-14 09:16:12:82941][clientInboundChannel-10] DEBUG o.s.w.s.m.WebSocketAnnotationMethodMessageHandler - Searching methods to handle SUBSCRIBE /send/to/1 id=sub-0 session=smyysjra, lookupDestination='/send/to/1'
[2025-10-14 09:16:12:82941][clientInboundChannel-10] DEBUG o.s.w.s.m.WebSocketAnnotationMethodMessageHandler - No matching message handler methods.
[2025-10-14 09:16:12:82942][clientInboundChannel-11] DEBUG o.springframework.web.SimpLogging - Processing SUBSCRIBE /send/to/1 id=sub-0 session=smyysjra
[2025-10-14 09:16:14:84271][https-jsse-nio-8443-exec-2] DEBUG o.s.w.s.h.LoggingWebSocketHandlerDecorator - WebSocketServerSockJsSession[id=smyysjra] closed with CloseStatus[code=1000, reason=null]
[2025-10-14 09:16:14:84271][https-jsse-nio-8443-exec-2] DEBUG o.s.w.s.m.SubProtocolWebSocketHandler - Clearing session smyysjra
[2025-10-14 09:16:14:84272][clientInboundChannel-14] DEBUG o.springframework.web.SimpLogging - Processing DISCONNECT session=smyysjra
[2025-10-14 09:16:14:84273][clientOutboundChannel-3] DEBUG o.s.w.s.m.SubProtocolWebSocketHandler - No session for GenericMessage [payload=byte[0], headers={simpMessageType=DISCONNECT_ACK, simpDisconnectMessage=GenericMessage [payload=byte[0], headers={simpMessageType=DISCONNECT, stompCommand=DISCONNECT, simpSessionAttributes={org.springframework.messaging.simp.SimpAttributes.COMPLETED=true}, simpSessionId=smyysjra}], simpSessionId=smyysjra}]
[2025-10-14 09:16:14:84277][https-jsse-nio-8443-exec-4] DEBUG o.s.web.servlet.DispatcherServlet - GET "/chat/list", parameters={}
[2025-10-14 09:16:14:84277][https-jsse-nio-8443-exec-4] DEBUG o.s.w.s.m.m.a.RequestMappingHandlerMapping - Mapped to edu.sm.controller.ChatController#chatList(Model, HttpServletRequest)
[2025-10-14 09:16:14:84279][https-jsse-nio-8443-exec-4] DEBUG o.s.w.s.v.ContentNegotiatingViewResolver - Selected 'text/html' given [text/html, application/xhtml+xml, image/avif, image/webp, image/apng, application/xml;q=0.9, */*;q=0.8, application/signed-exchange;v=b3;q=0.7]
[2025-10-14 09:16:14:84279][https-jsse-nio-8443-exec-4] DEBUG o.s.web.servlet.view.JstlView - View name [index], model {chatPartners=[ChatDot(partnerId=7, hasUnread=false, productId=20, productName=갤럭시북 21팔아요 사용 2개월), ChatDot(partnerId=2, hasUnread=false, productId=null, productName=null), ChatDot(partnerId=2, hasUnread=false, productId=9, productName=가을 겨울용 바지 팔아요), ChatDot(partnerId=1, hasUnread=false, productId=null, productName=null), ChatDot(partnerId=2, hasUnread=false, productId=14, productName=여성용 나시 팝니다), ChatDot(partnerId=2, hasUnread=false, productId=26, productName=샤넬 향수 2번정도 뿌린거 팝니다), ChatDot(partnerId=3, hasUnread=false, productId=10, productName=갈색 청바지 팝니다), ChatDot(partnerId=id07, hasUnread=false, productId=null, productName=null), ChatDot(partnerId=3, hasUnread=false, productId=17, productName=갤럭시 z플립플립플립31팔아요 미개봉입니다), ChatDot(partnerId=2, hasUnread=false, productId=7, productName=좋은 바지 새거 미개봉입니다)], center=chat/list, left=market/left}
[2025-10-14 09:16:14:84280][https-jsse-nio-8443-exec-4] DEBUG o.s.web.servlet.view.JstlView - Forwarding to [/views/index.jsp]
[2025-10-14 09:16:14:84282][https-jsse-nio-8443-exec-4] DEBUG o.s.web.servlet.DispatcherServlet - Completed 200 OK
[2025-10-14 09:16:14:84293][https-jsse-nio-8443-exec-8] DEBUG o.s.web.servlet.DispatcherServlet - GET "/webjars/stomp-websocket/stomp.min.js", parameters={}
[2025-10-14 09:16:14:84293][https-jsse-nio-8443-exec-3] DEBUG o.s.web.servlet.DispatcherServlet - GET "/webjars/sockjs-client/sockjs.min.js", parameters={}
[2025-10-14 09:16:14:84293][https-jsse-nio-8443-exec-8] DEBUG o.s.w.s.h.SimpleUrlHandlerMapping - Mapped to ResourceHttpRequestHandler [classpath [META-INF/resources/webjars/]]
[2025-10-14 09:16:14:84293][https-jsse-nio-8443-exec-3] DEBUG o.s.w.s.h.SimpleUrlHandlerMapping - Mapped to ResourceHttpRequestHandler [classpath [META-INF/resources/webjars/]]
[2025-10-14 09:16:14:84294][https-jsse-nio-8443-exec-8] DEBUG o.s.web.servlet.DispatcherServlet - Completed 200 OK
[2025-10-14 09:16:14:84295][https-jsse-nio-8443-exec-3] DEBUG o.s.web.servlet.DispatcherServlet - Completed 200 OK
[2025-10-14 09:16:15:85452][https-jsse-nio-8443-exec-7] DEBUG o.s.web.servlet.DispatcherServlet - GET "/chat/list", parameters={}
[2025-10-14 09:16:15:85452][https-jsse-nio-8443-exec-7] DEBUG o.s.w.s.m.m.a.RequestMappingHandlerMapping - Mapped to edu.sm.controller.ChatController#chatList(Model, HttpServletRequest)
[2025-10-14 09:16:15:85457][https-jsse-nio-8443-exec-7] DEBUG o.s.w.s.v.ContentNegotiatingViewResolver - Selected 'text/html' given [text/html, application/xhtml+xml, image/avif, image/webp, image/apng, application/xml;q=0.9, */*;q=0.8, application/signed-exchange;v=b3;q=0.7]
[2025-10-14 09:16:15:85457][https-jsse-nio-8443-exec-7] DEBUG o.s.web.servlet.view.JstlView - View name [index], model {chatPartners=[ChatDot(partnerId=7, hasUnread=false, productId=20, productName=갤럭시북 21팔아요 사용 2개월), ChatDot(partnerId=2, hasUnread=false, productId=null, productName=null), ChatDot(partnerId=2, hasUnread=false, productId=9, productName=가을 겨울용 바지 팔아요), ChatDot(partnerId=1, hasUnread=false, productId=null, productName=null), ChatDot(partnerId=2, hasUnread=false, productId=14, productName=여성용 나시 팝니다), ChatDot(partnerId=2, hasUnread=false, productId=26, productName=샤넬 향수 2번정도 뿌린거 팝니다), ChatDot(partnerId=3, hasUnread=false, productId=10, productName=갈색 청바지 팝니다), ChatDot(partnerId=id07, hasUnread=false, productId=null, productName=null), ChatDot(partnerId=3, hasUnread=false, productId=17, productName=갤럭시 z플립플립플립31팔아요 미개봉입니다), ChatDot(partnerId=2, hasUnread=false, productId=7, productName=좋은 바지 새거 미개봉입니다)], center=chat/list, left=market/left}
[2025-10-14 09:16:15:85457][https-jsse-nio-8443-exec-7] DEBUG o.s.web.servlet.view.JstlView - Forwarding to [/views/index.jsp]
[2025-10-14 09:16:15:85462][https-jsse-nio-8443-exec-7] DEBUG o.s.web.servlet.DispatcherServlet - Completed 200 OK
[2025-10-14 09:16:15:85470][https-jsse-nio-8443-exec-9] DEBUG o.s.web.servlet.DispatcherServlet - GET "/webjars/sockjs-client/sockjs.min.js", parameters={}
[2025-10-14 09:16:15:85470][https-jsse-nio-8443-exec-10] DEBUG o.s.web.servlet.DispatcherServlet - GET "/webjars/stomp-websocket/stomp.min.js", parameters={}
[2025-10-14 09:16:15:85470][https-jsse-nio-8443-exec-10] DEBUG o.s.w.s.h.SimpleUrlHandlerMapping - Mapped to ResourceHttpRequestHandler [classpath [META-INF/resources/webjars/]]
[2025-10-14 09:16:15:85470][https-jsse-nio-8443-exec-9] DEBUG o.s.w.s.h.SimpleUrlHandlerMapping - Mapped to ResourceHttpRequestHandler [classpath [META-INF/resources/webjars/]]
[2025-10-14 09:16:15:85471][https-jsse-nio-8443-exec-10] DEBUG o.s.web.servlet.DispatcherServlet - Completed 200 OK
[2025-10-14 09:16:15:85473][https-jsse-nio-8443-exec-9] DEBUG o.s.web.servlet.DispatcherServlet - Completed 200 OK
[2025-10-14 09:16:16:87168][https-jsse-nio-8443-exec-6] DEBUG o.s.web.servlet.DispatcherServlet - GET "/market/map5", parameters={}
[2025-10-14 09:16:16:87168][https-jsse-nio-8443-exec-6] DEBUG o.s.w.s.m.m.a.RequestMappingHandlerMapping - Mapped to edu.sm.controller.MarketController#map5(Model)
[2025-10-14 09:16:16:87171][https-jsse-nio-8443-exec-6] DEBUG o.s.w.s.v.ContentNegotiatingViewResolver - Selected 'text/html' given [text/html, application/xhtml+xml, image/avif, image/webp, image/apng, application/xml;q=0.9, */*;q=0.8, application/signed-exchange;v=b3;q=0.7]
[2025-10-14 09:16:16:87171][https-jsse-nio-8443-exec-6] DEBUG o.s.web.servlet.view.JstlView - View name [index], model {unreadChatCount=0, center=market/map5, left=market/left}
[2025-10-14 09:16:16:87171][https-jsse-nio-8443-exec-6] DEBUG o.s.web.servlet.view.JstlView - Forwarding to [/views/index.jsp]
[2025-10-14 09:16:17:87254][https-jsse-nio-8443-exec-6] DEBUG o.s.web.servlet.DispatcherServlet - Completed 200 OK
[2025-10-14 09:16:17:87269][https-jsse-nio-8443-exec-1] DEBUG o.s.web.servlet.DispatcherServlet - GET "/webjars/stomp-websocket/stomp.min.js", parameters={}
[2025-10-14 09:16:17:87269][https-jsse-nio-8443-exec-5] DEBUG o.s.web.servlet.DispatcherServlet - GET "/webjars/sockjs-client/sockjs.min.js", parameters={}
[2025-10-14 09:16:17:87270][https-jsse-nio-8443-exec-1] DEBUG o.s.w.s.h.SimpleUrlHandlerMapping - Mapped to ResourceHttpRequestHandler [classpath [META-INF/resources/webjars/]]
[2025-10-14 09:16:17:87270][https-jsse-nio-8443-exec-5] DEBUG o.s.w.s.h.SimpleUrlHandlerMapping - Mapped to ResourceHttpRequestHandler [classpath [META-INF/resources/webjars/]]
[2025-10-14 09:16:17:87272][https-jsse-nio-8443-exec-1] DEBUG o.s.web.servlet.DispatcherServlet - Completed 200 OK
[2025-10-14 09:16:17:87275][https-jsse-nio-8443-exec-5] DEBUG o.s.web.servlet.DispatcherServlet - Completed 200 OK
[2025-10-14 09:16:17:87322][https-jsse-nio-8443-exec-2] DEBUG o.s.web.servlet.DispatcherServlet - GET "/getitems", parameters={}
[2025-10-14 09:16:17:87322][https-jsse-nio-8443-exec-2] DEBUG o.s.w.s.m.m.a.RequestMappingHandlerMapping - Mapped to edu.sm.controller.MapRestController#getItems(Integer)
[2025-10-14 09:16:17:87337][https-jsse-nio-8443-exec-2] DEBUG o.s.w.s.m.m.a.RequestResponseBodyMethodProcessor - Using 'application/json', given [*/*] and supported [application/json, application/*+json]
[2025-10-14 09:16:17:87338][https-jsse-nio-8443-exec-2] DEBUG o.s.w.s.m.m.a.RequestResponseBodyMethodProcessor - Writing [[Product(productId=17, productName=갤럭시 z플립플립플립31팔아요 미개봉입니다, productPrice=1300000, productImg=s1.jpg, (truncated)...]
[2025-10-14 09:16:17:87339][https-jsse-nio-8443-exec-2] DEBUG o.s.web.servlet.DispatcherServlet - Completed 200 OK
[2025-10-14 09:16:17:87345][https-jsse-nio-8443-exec-8] DEBUG o.s.web.servlet.DispatcherServlet - GET "/imgs/n4.jpg", parameters={}
[2025-10-14 09:16:17:87346][https-jsse-nio-8443-exec-8] DEBUG o.s.w.s.h.SimpleUrlHandlerMapping - Mapped to ResourceHttpRequestHandler [URL [file:/C:/test4/imgs/]]
[2025-10-14 09:16:17:87346][https-jsse-nio-8443-exec-3] DEBUG o.s.web.servlet.DispatcherServlet - GET "/imgs/n5.jpg", parameters={}
[2025-10-14 09:16:17:87346][https-jsse-nio-8443-exec-7] DEBUG o.s.web.servlet.DispatcherServlet - GET "/imgs/b1.jpg", parameters={}
[2025-10-14 09:16:17:87346][https-jsse-nio-8443-exec-10] DEBUG o.s.web.servlet.DispatcherServlet - GET "/imgs/b2.jpg", parameters={}
[2025-10-14 09:16:17:87346][https-jsse-nio-8443-exec-7] DEBUG o.s.w.s.h.SimpleUrlHandlerMapping - Mapped to ResourceHttpRequestHandler [URL [file:/C:/test4/imgs/]]
[2025-10-14 09:16:17:87346][https-jsse-nio-8443-exec-3] DEBUG o.s.w.s.h.SimpleUrlHandlerMapping - Mapped to ResourceHttpRequestHandler [URL [file:/C:/test4/imgs/]]
[2025-10-14 09:16:17:87346][https-jsse-nio-8443-exec-4] DEBUG o.s.web.servlet.DispatcherServlet - GET "/imgs/n3.jpg", parameters={}
[2025-10-14 09:16:17:87346][https-jsse-nio-8443-exec-8] DEBUG o.s.web.servlet.DispatcherServlet - Completed 200 OK
[2025-10-14 09:16:17:87346][https-jsse-nio-8443-exec-10] DEBUG o.s.w.s.h.SimpleUrlHandlerMapping - Mapped to ResourceHttpRequestHandler [URL [file:/C:/test4/imgs/]]
[2025-10-14 09:16:17:87346][https-jsse-nio-8443-exec-4] DEBUG o.s.w.s.h.SimpleUrlHandlerMapping - Mapped to ResourceHttpRequestHandler [URL [file:/C:/test4/imgs/]]
[2025-10-14 09:16:17:87347][https-jsse-nio-8443-exec-7] DEBUG o.s.web.servlet.DispatcherServlet - Completed 200 OK
[2025-10-14 09:16:17:87347][https-jsse-nio-8443-exec-10] DEBUG o.s.web.servlet.DispatcherServlet - Completed 200 OK
[2025-10-14 09:16:17:87347][https-jsse-nio-8443-exec-3] DEBUG o.s.web.servlet.DispatcherServlet - Completed 200 OK
[2025-10-14 09:16:17:87347][https-jsse-nio-8443-exec-4] DEBUG o.s.web.servlet.DispatcherServlet - Completed 200 OK
[2025-10-14 09:16:17:87348][https-jsse-nio-8443-exec-6] DEBUG o.s.web.servlet.DispatcherServlet - GET "/imgs/b3.jpg", parameters={}
[2025-10-14 09:16:17:87348][https-jsse-nio-8443-exec-6] DEBUG o.s.w.s.h.SimpleUrlHandlerMapping - Mapped to ResourceHttpRequestHandler [URL [file:/C:/test4/imgs/]]
[2025-10-14 09:16:17:87349][https-jsse-nio-8443-exec-6] DEBUG o.s.web.servlet.DispatcherServlet - Completed 200 OK
[2025-10-14 09:16:17:87350][https-jsse-nio-8443-exec-8] DEBUG o.s.web.servlet.DispatcherServlet - GET "/imgs/b4.jpg", parameters={}
[2025-10-14 09:16:17:87351][https-jsse-nio-8443-exec-8] DEBUG o.s.w.s.h.SimpleUrlHandlerMapping - Mapped to ResourceHttpRequestHandler [URL [file:/C:/test4/imgs/]]
[2025-10-14 09:16:17:87351][https-jsse-nio-8443-exec-7] DEBUG o.s.web.servlet.DispatcherServlet - GET "/imgs/b5.jpg", parameters={}
[2025-10-14 09:16:17:87351][https-jsse-nio-8443-exec-5] DEBUG o.s.web.servlet.DispatcherServlet - GET "/imgs/p2.jpg", parameters={}
[2025-10-14 09:16:17:87351][https-jsse-nio-8443-exec-9] DEBUG o.s.web.servlet.DispatcherServlet - GET "/imgs/ch1.jpg", parameters={}
[2025-10-14 09:16:17:87351][https-jsse-nio-8443-exec-1] DEBUG o.s.web.servlet.DispatcherServlet - GET "/imgs/s1.jpg", parameters={}
[2025-10-14 09:16:17:87352][https-jsse-nio-8443-exec-8] DEBUG o.s.web.servlet.DispatcherServlet - Completed 200 OK
[2025-10-14 09:16:17:87352][https-jsse-nio-8443-exec-7] DEBUG o.s.w.s.h.SimpleUrlHandlerMapping - Mapped to ResourceHttpRequestHandler [URL [file:/C:/test4/imgs/]]
[2025-10-14 09:16:17:87352][https-jsse-nio-8443-exec-9] DEBUG o.s.w.s.h.SimpleUrlHandlerMapping - Mapped to ResourceHttpRequestHandler [URL [file:/C:/test4/imgs/]]
[2025-10-14 09:16:17:87352][https-jsse-nio-8443-exec-1] DEBUG o.s.w.s.h.SimpleUrlHandlerMapping - Mapped to ResourceHttpRequestHandler [URL [file:/C:/test4/imgs/]]
[2025-10-14 09:16:17:87352][https-jsse-nio-8443-exec-5] DEBUG o.s.w.s.h.SimpleUrlHandlerMapping - Mapped to ResourceHttpRequestHandler [URL [file:/C:/test4/imgs/]]
[2025-10-14 09:16:17:87352][https-jsse-nio-8443-exec-7] DEBUG o.s.web.servlet.DispatcherServlet - Completed 200 OK
[2025-10-14 09:16:17:87352][https-jsse-nio-8443-exec-9] DEBUG o.s.web.servlet.DispatcherServlet - Completed 200 OK
[2025-10-14 09:16:17:87353][https-jsse-nio-8443-exec-4] DEBUG o.s.web.servlet.DispatcherServlet - GET "/imgs/p6.jpg", parameters={}
[2025-10-14 09:16:17:87353][https-jsse-nio-8443-exec-4] DEBUG o.s.w.s.h.SimpleUrlHandlerMapping - Mapped to ResourceHttpRequestHandler [URL [file:/C:/test4/imgs/]]
[2025-10-14 09:16:17:87353][https-jsse-nio-8443-exec-1] DEBUG o.s.web.servlet.DispatcherServlet - Completed 200 OK
[2025-10-14 09:16:17:87353][https-jsse-nio-8443-exec-5] DEBUG o.s.web.servlet.DispatcherServlet - Completed 200 OK
[2025-10-14 09:16:17:87354][https-jsse-nio-8443-exec-4] DEBUG o.s.web.servlet.DispatcherServlet - Completed 200 OK
[2025-10-14 09:16:17:87354][https-jsse-nio-8443-exec-3] DEBUG o.s.web.servlet.DispatcherServlet - GET "/imgs/sh1.jpg", parameters={}
[2025-10-14 09:16:17:87354][https-jsse-nio-8443-exec-3] DEBUG o.s.w.s.h.SimpleUrlHandlerMapping - Mapped to ResourceHttpRequestHandler [URL [file:/C:/test4/imgs/]]
[2025-10-14 09:16:17:87354][https-jsse-nio-8443-exec-2] DEBUG o.s.web.servlet.DispatcherServlet - GET "/imgs/tank2.jpg", parameters={}
[2025-10-14 09:16:17:87354][https-jsse-nio-8443-exec-8] DEBUG o.s.web.servlet.DispatcherServlet - GET "/imgs/s2.jpg", parameters={}
[2025-10-14 09:16:17:87354][https-jsse-nio-8443-exec-6] DEBUG o.s.web.servlet.DispatcherServlet - GET "/imgs/tank3.jpg", parameters={}
[2025-10-14 09:16:17:87355][https-jsse-nio-8443-exec-8] DEBUG o.s.w.s.h.SimpleUrlHandlerMapping - Mapped to ResourceHttpRequestHandler [URL [file:/C:/test4/imgs/]]
[2025-10-14 09:16:17:87355][https-jsse-nio-8443-exec-2] DEBUG o.s.w.s.h.SimpleUrlHandlerMapping - Mapped to ResourceHttpRequestHandler [URL [file:/C:/test4/imgs/]]
[2025-10-14 09:16:17:87355][https-jsse-nio-8443-exec-6] DEBUG o.s.w.s.h.SimpleUrlHandlerMapping - Mapped to ResourceHttpRequestHandler [URL [file:/C:/test4/imgs/]]
[2025-10-14 09:16:17:87355][https-jsse-nio-8443-exec-3] DEBUG o.s.web.servlet.DispatcherServlet - Completed 200 OK
[2025-10-14 09:16:17:87355][https-jsse-nio-8443-exec-7] DEBUG o.s.web.servlet.DispatcherServlet - GET "/imgs/s4.jpg", parameters={}
[2025-10-14 09:16:17:87355][https-jsse-nio-8443-exec-7] DEBUG o.s.w.s.h.SimpleUrlHandlerMapping - Mapped to ResourceHttpRequestHandler [URL [file:/C:/test4/imgs/]]
[2025-10-14 09:16:17:87356][https-jsse-nio-8443-exec-2] DEBUG o.s.web.servlet.DispatcherServlet - Completed 200 OK
[2025-10-14 09:16:17:87356][https-jsse-nio-8443-exec-8] DEBUG o.s.web.servlet.DispatcherServlet - Completed 200 OK
[2025-10-14 09:16:17:87356][https-jsse-nio-8443-exec-9] DEBUG o.s.web.servlet.DispatcherServlet - GET "/imgs/w1.jpg", parameters={}
[2025-10-14 09:16:17:87356][https-jsse-nio-8443-exec-9] DEBUG o.s.w.s.h.SimpleUrlHandlerMapping - Mapped to ResourceHttpRequestHandler [URL [file:/C:/test4/imgs/]]
[2025-10-14 09:16:17:87357][https-jsse-nio-8443-exec-7] DEBUG o.s.web.servlet.DispatcherServlet - Completed 200 OK
[2025-10-14 09:16:17:87357][https-jsse-nio-8443-exec-6] DEBUG o.s.web.servlet.DispatcherServlet - Completed 200 OK
[2025-10-14 09:16:17:87357][https-jsse-nio-8443-exec-8] DEBUG o.s.web.servlet.DispatcherServlet - GET "/imgs/w2.jpg", parameters={}
[2025-10-14 09:16:17:87357][https-jsse-nio-8443-exec-8] DEBUG o.s.w.s.h.SimpleUrlHandlerMapping - Mapped to ResourceHttpRequestHandler [URL [file:/C:/test4/imgs/]]
[2025-10-14 09:16:17:87357][https-jsse-nio-8443-exec-9] DEBUG o.s.web.servlet.DispatcherServlet - Completed 200 OK
[2025-10-14 09:16:17:87357][https-jsse-nio-8443-exec-1] DEBUG o.s.web.servlet.DispatcherServlet - GET "/imgs/w3.jpg", parameters={}
[2025-10-14 09:16:17:87357][https-jsse-nio-8443-exec-1] DEBUG o.s.w.s.h.SimpleUrlHandlerMapping - Mapped to ResourceHttpRequestHandler [URL [file:/C:/test4/imgs/]]
[2025-10-14 09:16:17:87358][https-jsse-nio-8443-exec-6] DEBUG o.s.web.servlet.DispatcherServlet - GET "/imgs/w4.jpg", parameters={}
[2025-10-14 09:16:17:87358][https-jsse-nio-8443-exec-6] DEBUG o.s.w.s.h.SimpleUrlHandlerMapping - Mapped to ResourceHttpRequestHandler [URL [file:/C:/test4/imgs/]]
[2025-10-14 09:16:17:87358][https-jsse-nio-8443-exec-8] DEBUG o.s.web.servlet.DispatcherServlet - Completed 200 OK
[2025-10-14 09:16:17:87358][https-jsse-nio-8443-exec-1] DEBUG o.s.web.servlet.DispatcherServlet - Completed 200 OK
[2025-10-14 09:16:17:87358][https-jsse-nio-8443-exec-5] DEBUG o.s.web.servlet.DispatcherServlet - GET "/imgs/w5.jpg", parameters={}
[2025-10-14 09:16:17:87358][https-jsse-nio-8443-exec-5] DEBUG o.s.w.s.h.SimpleUrlHandlerMapping - Mapped to ResourceHttpRequestHandler [URL [file:/C:/test4/imgs/]]
[2025-10-14 09:16:17:87359][https-jsse-nio-8443-exec-4] DEBUG o.s.web.servlet.DispatcherServlet - GET "/imgs/n1.jpg", parameters={}
[2025-10-14 09:16:17:87359][https-jsse-nio-8443-exec-4] DEBUG o.s.w.s.h.SimpleUrlHandlerMapping - Mapped to ResourceHttpRequestHandler [URL [file:/C:/test4/imgs/]]
[2025-10-14 09:16:17:87359][https-jsse-nio-8443-exec-6] DEBUG o.s.web.servlet.DispatcherServlet - Completed 200 OK
[2025-10-14 09:16:17:87359][https-jsse-nio-8443-exec-5] DEBUG o.s.web.servlet.DispatcherServlet - Completed 200 OK
[2025-10-14 09:16:17:87360][https-jsse-nio-8443-exec-8] DEBUG o.s.web.servlet.DispatcherServlet - GET "/imgs/p1.jpg", parameters={}
[2025-10-14 09:16:17:87360][https-jsse-nio-8443-exec-3] DEBUG o.s.web.servlet.DispatcherServlet - GET "/imgs/p4.jpg", parameters={}
[2025-10-14 09:16:17:87360][https-jsse-nio-8443-exec-8] DEBUG o.s.w.s.h.SimpleUrlHandlerMapping - Mapped to ResourceHttpRequestHandler [URL [file:/C:/test4/imgs/]]
[2025-10-14 09:16:17:87360][https-jsse-nio-8443-exec-4] DEBUG o.s.web.servlet.DispatcherServlet - Completed 200 OK
[2025-10-14 09:16:17:87360][https-jsse-nio-8443-exec-3] DEBUG o.s.w.s.h.SimpleUrlHandlerMapping - Mapped to ResourceHttpRequestHandler [URL [file:/C:/test4/imgs/]]
[2025-10-14 09:16:17:87361][https-jsse-nio-8443-exec-8] DEBUG o.s.web.servlet.DispatcherServlet - Completed 200 OK
[2025-10-14 09:16:17:87361][https-jsse-nio-8443-exec-3] DEBUG o.s.web.servlet.DispatcherServlet - Completed 200 OK
[2025-10-14 09:16:17:87361][https-jsse-nio-8443-exec-1] DEBUG o.s.web.servlet.DispatcherServlet - GET "/imgs/n2.jpg", parameters={}
[2025-10-14 09:16:17:87361][https-jsse-nio-8443-exec-1] DEBUG o.s.w.s.h.SimpleUrlHandlerMapping - Mapped to ResourceHttpRequestHandler [URL [file:/C:/test4/imgs/]]
[2025-10-14 09:16:17:87363][https-jsse-nio-8443-exec-1] DEBUG o.s.web.servlet.DispatcherServlet - Completed 200 OK
[2025-10-14 09:16:17:87363][https-jsse-nio-8443-exec-3] DEBUG o.s.web.servlet.DispatcherServlet - GET "/imgs/p3.jpg", parameters={}
[2025-10-14 09:16:17:87363][https-jsse-nio-8443-exec-8] DEBUG o.s.web.servlet.DispatcherServlet - GET "/imgs/p5.jpg", parameters={}
[2025-10-14 09:16:17:87363][https-jsse-nio-8443-exec-2] DEBUG o.s.web.servlet.DispatcherServlet - GET "/imgs/tank.jpg", parameters={}
[2025-10-14 09:16:17:87363][https-jsse-nio-8443-exec-3] DEBUG o.s.w.s.h.SimpleUrlHandlerMapping - Mapped to ResourceHttpRequestHandler [URL [file:/C:/test4/imgs/]]
[2025-10-14 09:16:17:87363][https-jsse-nio-8443-exec-8] DEBUG o.s.w.s.h.SimpleUrlHandlerMapping - Mapped to ResourceHttpRequestHandler [URL [file:/C:/test4/imgs/]]
[2025-10-14 09:16:17:87363][https-jsse-nio-8443-exec-2] DEBUG o.s.w.s.h.SimpleUrlHandlerMapping - Mapped to ResourceHttpRequestHandler [URL [file:/C:/test4/imgs/]]
[2025-10-14 09:16:17:87364][https-jsse-nio-8443-exec-6] DEBUG o.s.web.servlet.DispatcherServlet - GET "/imgs/s5.jpg", parameters={}
[2025-10-14 09:16:17:87364][https-jsse-nio-8443-exec-6] DEBUG o.s.w.s.h.SimpleUrlHandlerMapping - Mapped to ResourceHttpRequestHandler [URL [file:/C:/test4/imgs/]]
[2025-10-14 09:16:17:87364][https-jsse-nio-8443-exec-8] DEBUG o.s.web.servlet.DispatcherServlet - Completed 200 OK
[2025-10-14 09:16:17:87364][https-jsse-nio-8443-exec-3] DEBUG o.s.web.servlet.DispatcherServlet - Completed 200 OK
[2025-10-14 09:16:17:87365][https-jsse-nio-8443-exec-2] DEBUG o.s.web.servlet.DispatcherServlet - Completed 200 OK
[2025-10-14 09:16:17:87365][https-jsse-nio-8443-exec-6] DEBUG o.s.web.servlet.DispatcherServlet - Completed 200 OK
[2025-10-14 09:16:18:88832][https-jsse-nio-8443-exec-1] DEBUG o.s.web.servlet.DispatcherServlet - GET "/market/wishlist", parameters={}
[2025-10-14 09:16:18:88832][https-jsse-nio-8443-exec-1] DEBUG o.s.w.s.m.m.a.RequestMappingHandlerMapping - Mapped to edu.sm.controller.MarketController#wishlist(Model, HttpSession)
[2025-10-14 09:16:18:88847][https-jsse-nio-8443-exec-1] DEBUG o.s.w.s.v.ContentNegotiatingViewResolver - Selected 'text/html' given [text/html, application/xhtml+xml, image/avif, image/webp, image/apng, application/xml;q=0.9, */*;q=0.8, application/signed-exchange;v=b3;q=0.7]
[2025-10-14 09:16:18:88847][https-jsse-nio-8443-exec-1] DEBUG o.s.web.servlet.view.JstlView - View name [index], model {unreadChatCount=0, plist=[Product(productId=8, productName=바지 팔아요, productPrice=21000, productImg=p2.jpg, productRegdate=2025-10-13 02:46:42.98346, productUpdate=2025-10-13 02:46:42.98346, cateId=4, cateName=의류, lat=36.79845, lng=127.07981, productDesc=옷 정리중입니다., custId=6, productImgFile=null, chatCount=0, wishlistStatus=false), Product(productId=12, productName=검은색 바지 팔아요, productPrice=15000, productImg=p6.jpg, productRegdate=2025-10-13 02:46:43.02449, productUpdate=2025-10-13 02:46:43.02449, cateId=4, cateName=의류, lat=36.80257, lng=127.07652, productDesc=깨끗하게 입어서 상태 좋아요., custId=2, productImgFile=null, chatCount=0, wishlistStatus=false), Product(productId=35, productName=수능특강책 전권 팔아요, productPrice=30000, productImg=b5.jpg, productRegdate=2025-10-13 02:46:43.205333, productUpdate=2025-10-13 02:46:43.205333, cateId=5, cateName=도서, lat=36.80415, lng=127.07765, productDesc=대학안갈거라 다 팔아요 ., custId=4, productImgFile=null, chatCount=0, wishlistStatus=false)], center=market/wishlist, left=market/left}
[2025-10-14 09:16:18:88847][https-jsse-nio-8443-exec-1] DEBUG o.s.web.servlet.view.JstlView - Forwarding to [/views/index.jsp]
[2025-10-14 09:16:18:88921][https-jsse-nio-8443-exec-1] DEBUG o.s.web.servlet.DispatcherServlet - Completed 200 OK
[2025-10-14 09:16:18:88933][https-jsse-nio-8443-exec-6] DEBUG o.s.web.servlet.DispatcherServlet - GET "/imgs/p2.jpg", parameters={}
[2025-10-14 09:16:18:88933][https-jsse-nio-8443-exec-2] DEBUG o.s.web.servlet.DispatcherServlet - GET "/webjars/stomp-websocket/stomp.min.js", parameters={}
[2025-10-14 09:16:18:88933][https-jsse-nio-8443-exec-3] DEBUG o.s.web.servlet.DispatcherServlet - GET "/imgs/p6.jpg", parameters={}
[2025-10-14 09:16:18:88933][https-jsse-nio-8443-exec-6] DEBUG o.s.w.s.h.SimpleUrlHandlerMapping - Mapped to ResourceHttpRequestHandler [URL [file:/C:/test4/imgs/]]
[2025-10-14 09:16:18:88933][https-jsse-nio-8443-exec-8] DEBUG o.s.web.servlet.DispatcherServlet - GET "/webjars/sockjs-client/sockjs.min.js", parameters={}
[2025-10-14 09:16:18:88933][https-jsse-nio-8443-exec-2] DEBUG o.s.w.s.h.SimpleUrlHandlerMapping - Mapped to ResourceHttpRequestHandler [classpath [META-INF/resources/webjars/]]
[2025-10-14 09:16:18:88933][https-jsse-nio-8443-exec-3] DEBUG o.s.w.s.h.SimpleUrlHandlerMapping - Mapped to ResourceHttpRequestHandler [URL [file:/C:/test4/imgs/]]
[2025-10-14 09:16:18:88933][https-jsse-nio-8443-exec-8] DEBUG o.s.w.s.h.SimpleUrlHandlerMapping - Mapped to ResourceHttpRequestHandler [classpath [META-INF/resources/webjars/]]
[2025-10-14 09:16:18:88935][https-jsse-nio-8443-exec-3] DEBUG o.s.web.servlet.DispatcherServlet - Completed 200 OK
[2025-10-14 09:16:18:88935][https-jsse-nio-8443-exec-6] DEBUG o.s.web.servlet.DispatcherServlet - Completed 200 OK
[2025-10-14 09:16:18:88937][https-jsse-nio-8443-exec-2] DEBUG o.s.web.servlet.DispatcherServlet - Completed 200 OK
[2025-10-14 09:16:18:88938][https-jsse-nio-8443-exec-3] DEBUG o.s.web.servlet.DispatcherServlet - GET "/imgs/b5.jpg", parameters={}
[2025-10-14 09:16:18:88938][https-jsse-nio-8443-exec-3] DEBUG o.s.w.s.h.SimpleUrlHandlerMapping - Mapped to ResourceHttpRequestHandler [URL [file:/C:/test4/imgs/]]
[2025-10-14 09:16:18:88939][https-jsse-nio-8443-exec-8] DEBUG o.s.web.servlet.DispatcherServlet - Completed 200 OK
[2025-10-14 09:16:18:88939][https-jsse-nio-8443-exec-3] DEBUG o.s.web.servlet.DispatcherServlet - Completed 200 OK
[2025-10-14 09:16:19:89556][https-jsse-nio-8443-exec-10] DEBUG o.s.web.servlet.DispatcherServlet - GET "/market/myitems", parameters={}
[2025-10-14 09:16:19:89556][https-jsse-nio-8443-exec-10] DEBUG o.s.w.s.m.m.a.RequestMappingHandlerMapping - Mapped to edu.sm.controller.MarketController#myitems(int, ProductSearch, Model, HttpSession)
[2025-10-14 09:16:19:89569][https-jsse-nio-8443-exec-10] DEBUG o.s.w.s.v.ContentNegotiatingViewResolver - Selected 'text/html' given [text/html, application/xhtml+xml, image/avif, image/webp, image/apng, application/xml;q=0.9, */*;q=0.8, application/signed-exchange;v=b3;q=0.7]
[2025-10-14 09:16:19:89572][https-jsse-nio-8443-exec-10] DEBUG o.s.web.servlet.view.JstlView - View name [index], model {unreadChatCount=0, productSearch=ProductSearch(productName=null, startPrice=0, endPrice=0, cateId=0), org.springframework.validation.BindingResult.productSearch=org.springframework.validation.BeanPropertyBindingResult: 0 errors, cateList=[Cate(cateId=1, cateName=전자기기), Cate(cateId=2, cateName=생활용품), Cate(cateId=3, cateName=가구), Cate(cateId=4, cateName=의류), Cate(cateId=5, cateName=도서), Cate(cateId=6, cateName=스포츠/레저), Cate(cateId=7, cateName=기타)], plist=Page{count=true, pageNum=1, pageSize=9, startRow=0, endRow=9, total=8, pages=1, reasonable=null, pageSizeZero=null}[Product(productId=36, productName=제가 여장할때 입는 치마 팔아요, productPrice=40201, productImg=ch1.jpg, productRegdate=2025-10-13 20:05:50.759519, productUpdate=2025-10-13 20:05:50.759519, cateId=4, cateName=의류, lat=36.801750880024166, lng=127.07447118262478, productDesc=집에서만 입어서 깨끗해요, custId=1, productImgFile=null, chatCount=0, wishlistStatus=false), Product(productId=32, productName=SQL관련 책 판매합니다, productPrice=18000, productImg=b2.jpg, productRegdate=2025-10-13 02:46:43.18397, productUpdate=2025-10-13 02:46:43.18397, cateId=5, cateName=도서, lat=36.79888, lng=127.08001, productDesc=노어노문학과러 전과하게되어 팝니다, custId=1, productImgFile=null, chatCount=0, wishlistStatus=false), Product(productId=29, productName=의자 팔아용, productPrice=55000, productImg=n4.jpg, productRegdate=2025-10-13 02:46:43.156585, productUpdate=2025-10-13 02:46:43.156585, cateId=2, cateName=생활용품, lat=36.80351, lng=127.07921, productDesc=푹신스한 의자입니다 사용 안했어요., custId=1, productImgFile=null, chatCount=0, wishlistStatus=false), Product(productId=24, productName=3키로 짜리 아령 2개팔아요, productPrice=10000, productImg=w4.jpg, productRegdate=2025-10-13 02:46:43.120722, productUpdate=2025-10-13 02:46:43.120722, cateId=6, cateName=스포츠/레저, lat=36.79667, lng=127.07059, productDesc=이제 힘이 쎄져서 더 무거운 아령으로 바꿀려고 합니다 ., custId=1, productImgFile=null, chatCount=0, wishlistStatus=false), Product(productId=22, productName=실수로 수영복 여자껄로 잘못사서 팔아요, productPrice=25000, productImg=w2.jpg, productRegdate=2025-10-13 02:46:43.10486, productUpdate=2025-10-13 02:46:43.10486, cateId=6, cateName=스포츠/레저, lat=36.79482, lng=127.07346, productDesc=눈이 침침해서 잘못샀네요 박스만 뜬고 비닐도 안뜯었습니다, custId=1, productImgFile=null, chatCount=0, wishlistStatus=false), Product(productId=20, productName=갤럭시북 21팔아요 사용 2개월, productPrice=3000000, productImg=s5.jpg, productRegdate=2025-10-13 02:46:43.086461, productUpdate=2025-10-13 02:46:43.086461, cateId=1, cateName=전자기기, lat=36.7989, lng=127.07184, productDesc=gta12 중옵으로 수월하게 돌아갑니다., custId=1, productImgFile=null, chatCount=2, wishlistStatus=false), Product(productId=11, productName=네이비색 긴 바지 팔아용~~, productPrice=17000, productImg=p5.jpg, productRegdate=2025-10-13 02:46:43.018877, productUpdate=2025-10-13 02:46:43.018877, cateId=4, cateName=의류, lat=36.79469, lng=127.07886, productDesc=작년에 사고 몇 번 안입었습니다., custId=1, productImgFile=null, chatCount=5, wishlistStatus=false), Product(productId=7, productName=좋은 바지 새거 미개봉입니다, productPrice=19000, productImg=p1.jpg, productRegdate=2025-10-13 02:46:42.959425, productUpdate=2025-10-13 02:46:42.959425, cateId=4, cateName=의류, lat=36.80153, lng=127.07289, productDesc=사이즈가 안맞아서 팔아요 네고 금지., custId=1, productImgFile=null, chatCount=6, wishlistStatus=false)], pageMaker=PageInfo{pageNum=1, pageSize=9, size=8, startRow=1, endRow=8, total=8, pages=1, list=Page{count=true, pageNum=1, pageSize=9, startRow=0, endRow=9, total=8, pages=1, reasonable=null, pageSizeZero=null}[Product(productId=36, productName=제가 여장할때 입는 치마 팔아요, productPrice=40201, productImg=ch1.jpg, productRegdate=2025-10-13 20:05:50.759519, productUpdate=2025-10-13 20:05:50.759519, cateId=4, cateName=의류, lat=36.801750880024166, lng=127.07447118262478, productDesc=집에서만 입어서 깨끗해요, custId=1, productImgFile=null, chatCount=0, wishlistStatus=false), Product(productId=32, productName=SQL관련 책 판매합니다, productPrice=18000, productImg=b2.jpg, productRegdate=2025-10-13 02:46:43.18397, productUpdate=2025-10-13 02:46:43.18397, cateId=5, cateName=도서, lat=36.79888, lng=127.08001, productDesc=노어노문학과러 전과하게되어 팝니다, custId=1, productImgFile=null, chatCount=0, wishlistStatus=false), Product(productId=29, productName=의자 팔아용, productPrice=55000, productImg=n4.jpg, productRegdate=2025-10-13 02:46:43.156585, productUpdate=2025-10-13 02:46:43.156585, cateId=2, cateName=생활용품, lat=36.80351, lng=127.07921, productDesc=푹신스한 의자입니다 사용 안했어요., custId=1, productImgFile=null, chatCount=0, wishlistStatus=false), Product(productId=24, productName=3키로 짜리 아령 2개팔아요, productPrice=10000, productImg=w4.jpg, productRegdate=2025-10-13 02:46:43.120722, productUpdate=2025-10-13 02:46:43.120722, cateId=6, cateName=스포츠/레저, lat=36.79667, lng=127.07059, productDesc=이제 힘이 쎄져서 더 무거운 아령으로 바꿀려고 합니다 ., custId=1, productImgFile=null, chatCount=0, wishlistStatus=false), Product(productId=22, productName=실수로 수영복 여자껄로 잘못사서 팔아요, productPrice=25000, productImg=w2.jpg, productRegdate=2025-10-13 02:46:43.10486, productUpdate=2025-10-13 02:46:43.10486, cateId=6, cateName=스포츠/레저, lat=36.79482, lng=127.07346, productDesc=눈이 침침해서 잘못샀네요 박스만 뜬고 비닐도 안뜯었습니다, custId=1, productImgFile=null, chatCount=0, wishlistStatus=false), Product(productId=20, productName=갤럭시북 21팔아요 사용 2개월, productPrice=3000000, productImg=s5.jpg, productRegdate=2025-10-13 02:46:43.086461, productUpdate=2025-10-13 02:46:43.086461, cateId=1, cateName=전자기기, lat=36.7989, lng=127.07184, productDesc=gta12 중옵으로 수월하게 돌아갑니다., custId=1, productImgFile=null, chatCount=2, wishlistStatus=false), Product(productId=11, productName=네이비색 긴 바지 팔아용~~, productPrice=17000, productImg=p5.jpg, productRegdate=2025-10-13 02:46:43.018877, productUpdate=2025-10-13 02:46:43.018877, cateId=4, cateName=의류, lat=36.79469, lng=127.07886, productDesc=작년에 사고 몇 번 안입었습니다., custId=1, productImgFile=null, chatCount=5, wishlistStatus=false), Product(productId=7, productName=좋은 바지 새거 미개봉입니다, productPrice=19000, productImg=p1.jpg, productRegdate=2025-10-13 02:46:42.959425, productUpdate=2025-10-13 02:46:42.959425, cateId=4, cateName=의류, lat=36.80153, lng=127.07289, productDesc=사이즈가 안맞아서 팔아요 네고 금지., custId=1, productImgFile=null, chatCount=6, wishlistStatus=false)], prePage=0, nextPage=0, isFirstPage=true, isLastPage=true, hasPreviousPage=false, hasNextPage=false, navigatePages=5, navigateFirstPage=1, navigateLastPage=1, navigatepageNums=[1]}, ps=ProductSearch(productName=null, startPrice=0, endPrice=0, cateId=0), target=/market/myitems, center=market/myitems, left=market/left, org.springframework.validation.BindingResult.pageMaker=org.springframework.validation.BeanPropertyBindingResult: 0 errors, org.springframework.validation.BindingResult.ps=org.springframework.validation.BeanPropertyBindingResult: 0 errors}
[2025-10-14 09:16:19:89574][https-jsse-nio-8443-exec-10] DEBUG o.s.web.servlet.view.JstlView - Forwarding to [/views/index.jsp]
[2025-10-14 09:16:19:89670][https-jsse-nio-8443-exec-10] DEBUG o.s.web.servlet.DispatcherServlet - Completed 200 OK
[2025-10-14 09:16:19:89681][https-jsse-nio-8443-exec-7] DEBUG o.s.web.servlet.DispatcherServlet - GET "/imgs/b2.jpg", parameters={}
[2025-10-14 09:16:19:89681][https-jsse-nio-8443-exec-9] DEBUG o.s.web.servlet.DispatcherServlet - GET "/webjars/sockjs-client/sockjs.min.js", parameters={}
[2025-10-14 09:16:19:89681][https-jsse-nio-8443-exec-4] DEBUG o.s.web.servlet.DispatcherServlet - GET "/imgs/ch1.jpg", parameters={}
[2025-10-14 09:16:19:89681][https-jsse-nio-8443-exec-5] DEBUG o.s.web.servlet.DispatcherServlet - GET "/webjars/stomp-websocket/stomp.min.js", parameters={}
[2025-10-14 09:16:19:89681][https-jsse-nio-8443-exec-7] DEBUG o.s.w.s.h.SimpleUrlHandlerMapping - Mapped to ResourceHttpRequestHandler [URL [file:/C:/test4/imgs/]]
[2025-10-14 09:16:19:89681][https-jsse-nio-8443-exec-4] DEBUG o.s.w.s.h.SimpleUrlHandlerMapping - Mapped to ResourceHttpRequestHandler [URL [file:/C:/test4/imgs/]]
[2025-10-14 09:16:19:89681][https-jsse-nio-8443-exec-9] DEBUG o.s.w.s.h.SimpleUrlHandlerMapping - Mapped to ResourceHttpRequestHandler [classpath [META-INF/resources/webjars/]]
[2025-10-14 09:16:19:89681][https-jsse-nio-8443-exec-5] DEBUG o.s.w.s.h.SimpleUrlHandlerMapping - Mapped to ResourceHttpRequestHandler [classpath [META-INF/resources/webjars/]]
[2025-10-14 09:16:19:89681][https-jsse-nio-8443-exec-4] DEBUG o.s.web.servlet.DispatcherServlet - Completed 200 OK
[2025-10-14 09:16:19:89682][https-jsse-nio-8443-exec-7] DEBUG o.s.web.servlet.DispatcherServlet - Completed 200 OK
[2025-10-14 09:16:19:89682][https-jsse-nio-8443-exec-5] DEBUG o.s.web.servlet.DispatcherServlet - Completed 200 OK
[2025-10-14 09:16:19:89683][https-jsse-nio-8443-exec-9] DEBUG o.s.web.servlet.DispatcherServlet - Completed 200 OK
[2025-10-14 09:16:19:89683][https-jsse-nio-8443-exec-1] DEBUG o.s.web.servlet.DispatcherServlet - GET "/imgs/n4.jpg", parameters={}
[2025-10-14 09:16:19:89683][https-jsse-nio-8443-exec-6] DEBUG o.s.web.servlet.DispatcherServlet - GET "/imgs/w4.jpg", parameters={}
[2025-10-14 09:16:19:89684][https-jsse-nio-8443-exec-1] DEBUG o.s.w.s.h.SimpleUrlHandlerMapping - Mapped to ResourceHttpRequestHandler [URL [file:/C:/test4/imgs/]]
[2025-10-14 09:16:19:89684][https-jsse-nio-8443-exec-6] DEBUG o.s.w.s.h.SimpleUrlHandlerMapping - Mapped to ResourceHttpRequestHandler [URL [file:/C:/test4/imgs/]]
[2025-10-14 09:16:19:89684][https-jsse-nio-8443-exec-6] DEBUG o.s.web.servlet.DispatcherServlet - Completed 200 OK
[2025-10-14 09:16:19:89684][https-jsse-nio-8443-exec-1] DEBUG o.s.web.servlet.DispatcherServlet - Completed 200 OK
[2025-10-14 09:16:19:89685][https-jsse-nio-8443-exec-2] DEBUG o.s.web.servlet.DispatcherServlet - GET "/imgs/w2.jpg", parameters={}
[2025-10-14 09:16:19:89685][https-jsse-nio-8443-exec-2] DEBUG o.s.w.s.h.SimpleUrlHandlerMapping - Mapped to ResourceHttpRequestHandler [URL [file:/C:/test4/imgs/]]
[2025-10-14 09:16:19:89686][https-jsse-nio-8443-exec-2] DEBUG o.s.web.servlet.DispatcherServlet - Completed 200 OK
[2025-10-14 09:16:19:89687][https-jsse-nio-8443-exec-8] DEBUG o.s.web.servlet.DispatcherServlet - GET "/imgs/s5.jpg", parameters={}
[2025-10-14 09:16:19:89687][https-jsse-nio-8443-exec-8] DEBUG o.s.w.s.h.SimpleUrlHandlerMapping - Mapped to ResourceHttpRequestHandler [URL [file:/C:/test4/imgs/]]
[2025-10-14 09:16:19:89688][https-jsse-nio-8443-exec-8] DEBUG o.s.web.servlet.DispatcherServlet - Completed 200 OK
[2025-10-14 09:16:19:89689][https-jsse-nio-8443-exec-3] DEBUG o.s.web.servlet.DispatcherServlet - GET "/imgs/p5.jpg", parameters={}
[2025-10-14 09:16:19:89689][https-jsse-nio-8443-exec-3] DEBUG o.s.w.s.h.SimpleUrlHandlerMapping - Mapped to ResourceHttpRequestHandler [URL [file:/C:/test4/imgs/]]
[2025-10-14 09:16:19:89689][https-jsse-nio-8443-exec-3] DEBUG o.s.web.servlet.DispatcherServlet - Completed 200 OK
[2025-10-14 09:16:19:89691][https-jsse-nio-8443-exec-10] DEBUG o.s.web.servlet.DispatcherServlet - GET "/imgs/p1.jpg", parameters={}
[2025-10-14 09:16:19:89691][https-jsse-nio-8443-exec-10] DEBUG o.s.w.s.h.SimpleUrlHandlerMapping - Mapped to ResourceHttpRequestHandler [URL [file:/C:/test4/imgs/]]
[2025-10-14 09:16:19:89691][https-jsse-nio-8443-exec-10] DEBUG o.s.web.servlet.DispatcherServlet - Completed 200 OK
[2025-10-14 09:16:22:92939][MessageBroker-7] DEBUG o.s.w.s.s.t.h.DefaultSockJsService - Closed 1 sessions: [smyysjra]
[2025-10-14 09:16:25:95258][https-jsse-nio-8443-exec-4] DEBUG o.s.w.s.h.LoggingWebSocketHandlerDecorator - WebSocketServerSockJsSession[id=111mftaw] closed with CloseStatus[code=1000, reason=null]
[2025-10-14 09:16:25:95258][https-jsse-nio-8443-exec-4] DEBUG o.s.w.s.m.SubProtocolWebSocketHandler - Clearing session 111mftaw
[2025-10-14 09:16:25:95259][clientInboundChannel-17] DEBUG o.springframework.web.SimpLogging - Processing DISCONNECT session=111mftaw
[2025-10-14 09:16:25:95259][clientOutboundChannel-4] DEBUG o.s.w.s.m.SubProtocolWebSocketHandler - No session for GenericMessage [payload=byte[0], headers={simpMessageType=DISCONNECT_ACK, simpDisconnectMessage=GenericMessage [payload=byte[0], headers={simpMessageType=DISCONNECT, stompCommand=DISCONNECT, simpSessionAttributes={org.springframework.messaging.simp.SimpAttributes.COMPLETED=true}, simpSessionId=111mftaw}], simpSessionId=111mftaw}]
[2025-10-14 09:16:32:102795][MessageBroker-5] DEBUG o.s.w.s.s.t.h.DefaultSockJsService - Closed 1 sessions: [111mftaw]
